2024-10-31 19:09:10 Loading main app package /usr/lib/obsidian/obsidian.asar
2024-10-31 19:09:10 Checking for update using Github
2024-10-31 19:09:10 Success.
2024-10-31 19:09:10 Latest version is 1.7.4
2024-10-31 19:09:10 App is up to date.
2024-10-31 19:09:27 Loading main app package /usr/lib/obsidian/obsidian.asar
2024-10-31 19:09:28 Checking for update using Github
2024-10-31 19:09:28 Success.
2024-10-31 19:09:28 Latest version is 1.7.4
2024-10-31 19:09:28 App is up to date.
2024-11-12 18:35:09 Loading main app package /usr/lib/obsidian/obsidian.asar
2024-11-12 18:35:09 Checking for update using Github
2024-11-12 18:35:09 Success.
2024-11-12 18:35:09 Latest version is 1.7.6
2024-11-12 18:35:09 Downloading update from https://github.com/obsidianmd/obsidian-releases/releases/download/v1.7.6/obsidian-1.7.6.asar.gz
2024-11-12 18:35:09 Verifying hash & signature. Size= 8000010
2024-11-12 18:35:09 Saving file
2024-11-12 18:35:10 Update complete.
2024-11-13 01:04:05 Loading updated app package /home/kriyos/.config/obsidian/obsidian-1.7.6.asar
2024-11-13 01:04:05 Checking for update using Github
2024-11-13 01:04:05 Success.
2024-11-13 01:04:05 Latest version is 1.7.6
2024-11-13 01:04:05 App is up to date.
2024-11-13 01:07:01 Loading updated app package /home/kriyos/.config/obsidian/obsidian-1.7.6.asar
2024-11-13 01:07:01 Checking for update using Github
2024-11-13 01:07:01 Success.
2024-11-13 01:07:01 Latest version is 1.7.6
2024-11-13 01:07:01 App is up to date.
2024-11-13 01:11:04 Loading updated app package /home/kriyos/.config/obsidian/obsidian-1.7.6.asar
2024-11-13 01:11:04 Checking for update using Github
2024-11-13 01:11:04 Success.
2024-11-13 01:11:04 Latest version is 1.7.6
2024-11-13 01:11:04 App is up to date.
2024-11-13 01:32:00 Loading updated app package /home/kriyos/.config/obsidian/obsidian-1.7.6.asar
2024-11-13 01:32:00 Checking for update using Github
2024-11-13 01:32:00 Success.
2024-11-13 01:32:00 Latest version is 1.7.6
2024-11-13 01:32:00 App is up to date.
2024-11-13 02:13:32 Loading updated app package /home/kriyos/.config/obsidian/obsidian-1.7.6.asar
2024-11-13 02:13:32 Checking for update using Github
2024-11-13 02:13:32 Success.
2024-11-13 02:13:32 Latest version is 1.7.6
2024-11-13 02:13:32 App is up to date.
2024-11-16 16:48:02 Loading main app package /usr/lib/obsidian/obsidian.asar
2024-11-16 16:48:02 Checking for update using Github
2024-11-16 16:48:03 Success.
2024-11-16 16:48:03 Latest version is 1.7.6
2024-11-16 16:48:03 App is up to date.
2024-11-16 17:40:06 Loading main app package /usr/lib/obsidian/obsidian.asar
2024-11-16 17:40:06 Checking for update using Github
2024-11-16 17:40:07 Failed to check for update using Github (net::ERR_CERT_AUTHORITY_INVALID)
2024-11-16 17:40:07 Checking for update using obsidian.md
2024-11-16 17:40:07 Failed to check for update using obsidian.md (net::ERR_CERT_AUTHORITY_INVALID)
2024-11-24 03:51:35 Loading main app package /usr/lib/obsidian/obsidian.asar
2024-11-24 03:51:35 Checking for update using Github
2024-11-24 03:51:35 Success.
2024-11-24 03:51:35 Latest version is 1.7.7
2024-11-24 03:51:35 Downloading update from https://github.com/obsidianmd/obsidian-releases/releases/download/v1.7.7/obsidian-1.7.7.asar.gz
2024-11-24 03:51:37 Verifying hash & signature. Size= 8000009
2024-11-24 03:51:37 Saving file
2024-11-24 03:51:37 Update complete.
2024-11-25 01:15:31 Loading updated app package /home/kriyos/.config/obsidian/obsidian-1.7.7.asar
2024-11-25 01:15:31 Checking for update using Github
2024-11-25 01:15:31 Success.
2024-11-25 01:15:31 Latest version is 1.7.7
2024-11-25 01:15:31 App is up to date.
2024-11-25 02:15:31 Checking for update using Github
2024-11-25 02:15:31 Success.
2024-11-25 02:15:31 Latest version is 1.7.7
2024-11-25 02:15:31 App is up to date.
2024-11-25 03:15:31 Checking for update using Github
2024-11-25 03:15:31 Success.
2024-11-25 03:15:31 Latest version is 1.7.7
2024-11-25 03:15:31 App is up to date.
2024-11-25 17:55:01 Loading updated app package /home/kriyos/.config/obsidian/obsidian-1.7.7.asar
2024-11-25 17:55:02 Checking for update using Github
2024-11-25 17:55:02 Success.
2024-11-25 17:55:02 Latest version is 1.7.7
2024-11-25 17:55:02 App is up to date.
2024-11-26 20:26:51 Loading updated app package /home/kriyos/.config/obsidian/obsidian-1.7.7.asar
2024-11-26 20:26:51 Checking for update using Github
2024-11-26 20:26:51 Success.
2024-11-26 20:26:51 Latest version is 1.7.7
2024-11-26 20:26:51 App is up to date.
2024-11-26 21:26:51 Checking for update using Github
2024-11-26 21:26:51 Success.
2024-11-26 21:26:51 Latest version is 1.7.7
2024-11-26 21:26:51 App is up to date.
2024-11-26 22:26:51 Checking for update using Github
2024-11-26 22:26:51 Success.
2024-11-26 22:26:51 Latest version is 1.7.7
2024-11-26 22:26:51 App is up to date.
2024-11-27 02:04:15 Loading updated app package /home/kriyos/.config/obsidian/obsidian-1.7.7.asar
2024-11-27 02:04:15 Checking for update using Github
2024-11-27 02:04:15 Success.
2024-11-27 02:04:15 Latest version is 1.7.7
2024-11-27 02:04:15 App is up to date.
2024-11-27 03:04:15 Checking for update using Github
2024-11-27 03:04:15 Success.
2024-11-27 03:04:15 Latest version is 1.7.7
2024-11-27 03:04:15 App is up to date.
2024-11-27 03:26:30 Loading updated app package /home/kriyos/.config/obsidian/obsidian-1.7.7.asar
2024-11-27 03:26:30 Checking for update using Github
2024-11-27 03:26:30 Success.
2024-11-27 03:26:30 Latest version is 1.7.7
2024-11-27 03:26:30 App is up to date.
2024-11-28 03:40:04 Loading main app package /usr/lib/obsidian/obsidian.asar
2024-11-28 03:40:04 Checking for update using Github
2024-11-28 03:40:05 Success.
2024-11-28 03:40:05 Latest version is 1.7.7
2024-11-28 03:40:05 App is up to date.
2024-11-28 18:50:39 Loading main app package /usr/lib/obsidian/obsidian.asar
2024-11-28 18:50:39 Checking for update using Github
2024-11-28 18:50:40 Success.
2024-11-28 18:50:40 Latest version is 1.7.7
2024-11-28 18:50:40 App is up to date.
2024-11-29 01:46:25 Loading main app package /usr/lib/obsidian/obsidian.asar
2024-11-29 01:46:26 Checking for update using Github
2024-11-29 01:46:26 Success.
2024-11-29 01:46:26 Latest version is 1.7.7
2024-11-29 01:46:26 App is up to date.
2024-11-29 02:46:25 Checking for update using Github
2024-11-29 02:46:26 Success.
2024-11-29 02:46:26 Latest version is 1.7.7
2024-11-29 02:46:26 App is up to date.
2024-11-29 03:46:26 Checking for update using Github
2024-11-29 03:46:26 Success.
2024-11-29 03:46:26 Latest version is 1.7.7
2024-11-29 03:46:26 App is up to date.
2024-11-29 04:46:26 Checking for update using Github
2024-11-29 04:46:26 Success.
2024-11-29 04:46:26 Latest version is 1.7.7
2024-11-29 04:46:26 App is up to date.
2024-11-29 21:26:31 Loading main app package /usr/lib/obsidian/obsidian.asar
2024-11-29 21:26:32 Checking for update using Github
2024-11-29 21:26:32 Success.
2024-11-29 21:26:32 Latest version is 1.7.7
2024-11-29 21:26:32 App is up to date.
2024-11-29 22:26:31 Checking for update using Github
2024-11-29 22:26:32 Success.
2024-11-29 22:26:32 Latest version is 1.7.7
2024-11-29 22:26:32 App is up to date.
2024-11-30 04:15:35 Loading main app package /usr/lib/obsidian/obsidian.asar
2024-11-30 04:15:35 Checking for update using Github
2024-11-30 04:15:35 Success.
2024-11-30 04:15:35 Latest version is 1.7.7
2024-11-30 04:15:35 App is up to date.
2024-11-30 05:15:35 Checking for update using Github
2024-11-30 05:15:35 Success.
2024-11-30 05:15:35 Latest version is 1.7.7
2024-11-30 05:15:35 App is up to date.
2024-12-05 19:05:05 Loading main app package /usr/lib/obsidian/obsidian.asar
2024-12-05 19:05:05 Checking for update using Github
2024-12-05 19:05:06 Success.
2024-12-05 19:05:06 Latest version is 1.7.7
2024-12-05 19:05:06 App is up to date.
2024-12-05 20:05:05 Checking for update using Github
2024-12-05 20:05:05 Success.
2024-12-05 20:05:05 Latest version is 1.7.7
2024-12-05 20:05:05 App is up to date.
2024-12-10 22:44:04 Loading main app package /usr/lib/obsidian/obsidian.asar
2024-12-10 22:44:04 Checking for update using Github
2024-12-10 22:44:05 Success.
2024-12-10 22:44:05 Latest version is 1.7.7
2024-12-10 22:44:05 App is up to date.
2024-12-12 01:35:55 Loading main app package /usr/lib/obsidian/obsidian.asar
2024-12-12 01:35:55 Checking for update using Github
2024-12-12 01:35:55 Success.
2024-12-12 01:35:55 Latest version is 1.7.7
2024-12-12 01:35:55 App is up to date.
2024-12-12 01:40:07 Loading main app package /usr/lib/obsidian/obsidian.asar
2024-12-12 01:40:07 Checking for update using Github
2024-12-12 01:40:07 Success.
2024-12-12 01:40:07 Latest version is 1.7.7
2024-12-12 01:40:07 App is up to date.
2024-12-12 02:40:07 Checking for update using Github
2024-12-12 02:40:07 Success.
2024-12-12 02:40:07 Latest version is 1.7.7
2024-12-12 02:40:07 App is up to date.
2024-12-12 03:40:07 Checking for update using Github
2024-12-12 03:40:07 Success.
2024-12-12 03:40:07 Latest version is 1.7.7
2024-12-12 03:40:07 App is up to date.
2024-12-12 04:40:08 Checking for update using Github
2024-12-12 04:40:08 Success.
2024-12-12 04:40:08 Latest version is 1.7.7
2024-12-12 04:40:08 App is up to date.
2024-12-12 05:40:08 Checking for update using Github
2024-12-12 05:40:08 Success.
2024-12-12 05:40:08 Latest version is 1.7.7
2024-12-12 05:40:08 App is up to date.
2024-12-12 14:05:49 Loading main app package /usr/lib/obsidian/obsidian.asar
2024-12-12 14:05:49 Checking for update using Github
2024-12-12 14:05:49 Success.
2024-12-12 14:05:49 Latest version is 1.7.7
2024-12-12 14:05:49 App is up to date.
2024-12-15 21:17:47 Loading main app package /usr/lib/obsidian/obsidian.asar
2024-12-15 21:17:47 Checking for update using Github
2024-12-15 21:17:48 Success.
2024-12-15 21:17:48 Latest version is 1.7.7
2024-12-15 21:17:48 App is up to date.
2024-12-15 22:17:47 Checking for update using Github
2024-12-15 22:17:47 Success.
2024-12-15 22:17:47 Latest version is 1.7.7
2024-12-15 22:17:47 App is up to date.
2024-12-15 23:17:47 Checking for update using Github
2024-12-15 23:17:47 Success.
2024-12-15 23:17:47 Latest version is 1.7.7
2024-12-15 23:17:47 App is up to date.
2024-12-16 00:17:47 Checking for update using Github
2024-12-16 00:17:48 Success.
2024-12-16 00:17:48 Latest version is 1.7.7
2024-12-16 00:17:48 App is up to date.
2024-12-16 01:17:47 Checking for update using Github
2024-12-16 01:17:48 Success.
2024-12-16 01:17:48 Latest version is 1.7.7
2024-12-16 01:17:48 App is up to date.
2024-12-16 02:17:48 Checking for update using Github
2024-12-16 02:17:48 Success.
2024-12-16 02:17:48 Latest version is 1.7.7
2024-12-16 02:17:48 App is up to date.
2024-12-16 03:17:48 Checking for update using Github
2024-12-16 03:17:48 Success.
2024-12-16 03:17:48 Latest version is 1.7.7
2024-12-16 03:17:48 App is up to date.
2024-12-16 04:17:48 Checking for update using Github
2024-12-16 04:17:48 Success.
2024-12-16 04:17:48 Latest version is 1.7.7
2024-12-16 04:17:48 App is up to date.
2024-12-16 05:17:48 Checking for update using Github
2024-12-16 05:17:48 Success.
2024-12-16 05:17:48 Latest version is 1.7.7
2024-12-16 05:17:48 App is up to date.
2024-12-16 06:17:48 Checking for update using Github
2024-12-16 06:17:48 Success.
2024-12-16 06:17:48 Latest version is 1.7.7
2024-12-16 06:17:48 App is up to date.
2024-12-16 07:17:48 Checking for update using Github
2024-12-16 07:17:48 Success.
2024-12-16 07:17:48 Latest version is 1.7.7
2024-12-16 07:17:48 App is up to date.
2024-12-16 08:17:48 Checking for update using Github
2024-12-16 08:17:48 Success.
2024-12-16 08:17:48 Latest version is 1.7.7
2024-12-16 08:17:48 App is up to date.
2024-12-17 21:30:13 Loading main app package /usr/lib/obsidian/obsidian.asar
2024-12-17 21:30:14 Checking for update using Github
2024-12-17 21:30:14 Success.
2024-12-17 21:30:14 Latest version is 1.7.7
2024-12-17 21:30:14 App is up to date.
2024-12-17 22:30:13 Checking for update using Github
2024-12-17 22:30:14 Success.
2024-12-17 22:30:14 Latest version is 1.7.7
2024-12-17 22:30:14 App is up to date.
2024-12-21 23:15:16 Loading main app package /usr/lib/obsidian/obsidian.asar
2024-12-21 23:15:16 Checking for update using Github
2024-12-21 23:15:16 Success.
2024-12-21 23:15:16 Latest version is 1.7.7
2024-12-21 23:15:16 App is up to date.
2024-12-22 00:15:16 Checking for update using Github
2024-12-22 00:15:16 Success.
2024-12-22 00:15:16 Latest version is 1.7.7
2024-12-22 00:15:16 App is up to date.
2024-12-22 01:15:16 Checking for update using Github
2024-12-22 01:15:16 Success.
2024-12-22 01:15:16 Latest version is 1.7.7
2024-12-22 01:15:16 App is up to date.
2024-12-22 02:15:16 Checking for update using Github
2024-12-22 02:15:16 Success.
2024-12-22 02:15:16 Latest version is 1.7.7
2024-12-22 02:15:16 App is up to date.
2024-12-22 03:15:16 Checking for update using Github
2024-12-22 03:15:16 Success.
2024-12-22 03:15:16 Latest version is 1.7.7
2024-12-22 03:15:16 App is up to date.
2024-12-22 04:15:16 Checking for update using Github
2024-12-22 04:15:16 Success.
2024-12-22 04:15:16 Latest version is 1.7.7
2024-12-22 04:15:16 App is up to date.
2024-12-23 04:33:36 Loading main app package /usr/lib/obsidian/obsidian.asar
2024-12-23 04:33:36 Checking for update using Github
2024-12-23 04:33:37 Success.
2024-12-23 04:33:37 Latest version is 1.7.7
2024-12-23 04:33:37 App is up to date.
2024-12-23 05:33:36 Checking for update using Github
2024-12-23 05:33:36 Success.
2024-12-23 05:33:36 Latest version is 1.7.7
2024-12-23 05:33:36 App is up to date.
2024-12-23 06:33:36 Checking for update using Github
2024-12-23 06:33:36 Success.
2024-12-23 06:33:36 Latest version is 1.7.7
2024-12-23 06:33:36 App is up to date.
2024-12-23 22:31:36 Loading main app package /usr/lib/obsidian/obsidian.asar
2024-12-23 22:31:36 Checking for update using Github
2024-12-23 22:31:36 Success.
2024-12-23 22:31:36 Latest version is 1.7.7
2024-12-23 22:31:36 App is up to date.
2024-12-23 23:31:36 Checking for update using Github
2024-12-23 23:31:36 Success.
2024-12-23 23:31:36 Latest version is 1.7.7
2024-12-23 23:31:36 App is up to date.
2024-12-24 00:31:36 Checking for update using Github
2024-12-24 00:31:36 Success.
2024-12-24 00:31:36 Latest version is 1.7.7
2024-12-24 00:31:36 App is up to date.
2024-12-24 01:31:36 Checking for update using Github
2024-12-24 01:31:36 Success.
2024-12-24 01:31:36 Latest version is 1.7.7
2024-12-24 01:31:36 App is up to date.
2024-12-24 02:31:36 Checking for update using Github
2024-12-24 02:31:36 Success.
2024-12-24 02:31:36 Latest version is 1.7.7
2024-12-24 02:31:36 App is up to date.
2024-12-24 03:31:36 Checking for update using Github
2024-12-24 03:31:37 Success.
2024-12-24 03:31:37 Latest version is 1.7.7
2024-12-24 03:31:37 App is up to date.
2024-12-24 04:31:36 Checking for update using Github
2024-12-24 04:31:37 Success.
2024-12-24 04:31:37 Latest version is 1.7.7
2024-12-24 04:31:37 App is up to date.
2024-12-24 05:31:36 Checking for update using Github
2024-12-24 05:31:37 Success.
2024-12-24 05:31:37 Latest version is 1.7.7
2024-12-24 05:31:37 App is up to date.
2024-12-24 07:23:32 Loading main app package /usr/lib/obsidian/obsidian.asar
2024-12-24 07:23:32 Checking for update using Github
2024-12-24 07:23:32 Success.
2024-12-24 07:23:32 Latest version is 1.7.7
2024-12-24 07:23:32 App is up to date.
2024-12-24 08:23:32 Checking for update using Github
2024-12-24 08:23:32 Success.
2024-12-24 08:23:32 Latest version is 1.7.7
2024-12-24 08:23:32 App is up to date.
2024-12-24 22:19:00 Loading main app package /usr/lib/obsidian/obsidian.asar
2024-12-24 22:19:00 Checking for update using Github
2024-12-24 22:19:01 Success.
2024-12-24 22:19:01 Latest version is 1.7.7
2024-12-24 22:19:01 App is up to date.
2024-12-24 23:19:00 Checking for update using Github
2024-12-24 23:19:00 Success.
2024-12-24 23:19:00 Latest version is 1.7.7
2024-12-24 23:19:00 App is up to date.
2024-12-25 00:19:00 Checking for update using Github
2024-12-25 00:19:00 Success.
2024-12-25 00:19:00 Latest version is 1.7.7
2024-12-25 00:19:00 App is up to date.
2024-12-25 01:19:01 Checking for update using Github
2024-12-25 01:19:01 Success.
2024-12-25 01:19:01 Latest version is 1.7.7
2024-12-25 01:19:01 App is up to date.
2024-12-25 02:19:01 Checking for update using Github
2024-12-25 02:19:01 Success.
2024-12-25 02:19:01 Latest version is 1.7.7
2024-12-25 02:19:01 App is up to date.
2024-12-25 03:19:01 Checking for update using Github
2024-12-25 03:19:01 Success.
2024-12-25 03:19:01 Latest version is 1.7.7
2024-12-25 03:19:01 App is up to date.
2024-12-25 21:14:37 Loading main app package /usr/lib/obsidian/obsidian.asar
2024-12-25 21:14:37 Checking for update using Github
2024-12-25 21:14:37 Success.
2024-12-25 21:14:37 Latest version is 1.7.7
2024-12-25 21:14:37 App is up to date.
2024-12-25 22:14:37 Checking for update using Github
2024-12-25 22:14:37 Success.
2024-12-25 22:14:37 Latest version is 1.7.7
2024-12-25 22:14:37 App is up to date.
2024-12-25 23:14:37 Checking for update using Github
2024-12-25 23:14:37 Success.
2024-12-25 23:14:37 Latest version is 1.7.7
2024-12-25 23:14:37 App is up to date.
2024-12-26 00:14:37 Checking for update using Github
2024-12-26 00:14:37 Success.
2024-12-26 00:14:37 Latest version is 1.7.7
2024-12-26 00:14:37 App is up to date.
2024-12-26 01:14:37 Checking for update using Github
2024-12-26 01:14:37 Success.
2024-12-26 01:14:37 Latest version is 1.7.7
2024-12-26 01:14:37 App is up to date.
2024-12-26 02:14:37 Checking for update using Github
2024-12-26 02:14:37 Success.
2024-12-26 02:14:37 Latest version is 1.7.7
2024-12-26 02:14:37 App is up to date.
2024-12-26 03:14:38 Checking for update using Github
2024-12-26 03:14:38 Success.
2024-12-26 03:14:38 Latest version is 1.7.7
2024-12-26 03:14:38 App is up to date.
2024-12-26 04:14:38 Checking for update using Github
2024-12-26 04:14:38 Success.
2024-12-26 04:14:38 Latest version is 1.7.7
2024-12-26 04:14:38 App is up to date.
2024-12-26 05:14:38 Checking for update using Github
2024-12-26 05:14:38 Success.
2024-12-26 05:14:38 Latest version is 1.7.7
2024-12-26 05:14:38 App is up to date.
2024-12-26 06:14:38 Checking for update using Github
2024-12-26 06:14:38 Success.
2024-12-26 06:14:38 Latest version is 1.7.7
2024-12-26 06:14:38 App is up to date.
2024-12-26 22:45:24 Loading main app package /usr/lib/obsidian/obsidian.asar
2024-12-26 22:45:24 Checking for update using Github
2024-12-26 22:45:24 Success.
2024-12-26 22:45:24 Latest version is 1.7.7
2024-12-26 22:45:24 App is up to date.
2024-12-26 23:45:24 Checking for update using Github
2024-12-26 23:45:24 Success.
2024-12-26 23:45:24 Latest version is 1.7.7
2024-12-26 23:45:24 App is up to date.
2024-12-27 00:45:24 Checking for update using Github
2024-12-27 00:45:24 Success.
2024-12-27 00:45:24 Latest version is 1.7.7
2024-12-27 00:45:24 App is up to date.
2024-12-27 01:45:24 Checking for update using Github
2024-12-27 01:45:24 Success.
2024-12-27 01:45:24 Latest version is 1.7.7
2024-12-27 01:45:24 App is up to date.
2024-12-27 20:04:28 Loading main app package /usr/lib/obsidian/obsidian.asar
2024-12-27 20:04:28 Checking for update using Github
2024-12-27 20:04:28 Success.
2024-12-27 20:04:28 Latest version is 1.7.7
2024-12-27 20:04:28 App is up to date.
2024-12-27 21:04:28 Checking for update using Github
2024-12-27 21:04:28 Success.
2024-12-27 21:04:28 Latest version is 1.7.7
2024-12-27 21:04:28 App is up to date.
2024-12-27 22:04:28 Checking for update using Github
2024-12-27 22:04:28 Success.
2024-12-27 22:04:28 Latest version is 1.7.7
2024-12-27 22:04:28 App is up to date.
2024-12-27 23:04:28 Checking for update using Github
2024-12-27 23:04:28 Success.
2024-12-27 23:04:28 Latest version is 1.7.7
2024-12-27 23:04:28 App is up to date.
2024-12-28 00:04:28 Checking for update using Github
2024-12-28 00:04:28 Success.
2024-12-28 00:04:28 Latest version is 1.7.7
2024-12-28 00:04:28 App is up to date.
2024-12-28 01:04:28 Checking for update using Github
2024-12-28 01:04:28 Success.
2024-12-28 01:04:28 Latest version is 1.7.7
2024-12-28 01:04:28 App is up to date.
2024-12-28 02:04:28 Checking for update using Github
2024-12-28 02:04:28 Success.
2024-12-28 02:04:28 Latest version is 1.7.7
2024-12-28 02:04:28 App is up to date.
2024-12-28 03:04:28 Checking for update using Github
2024-12-28 03:04:29 Success.
2024-12-28 03:04:29 Latest version is 1.7.7
2024-12-28 03:04:29 App is up to date.
2024-12-28 04:04:29 Checking for update using Github
2024-12-28 04:04:29 Success.
2024-12-28 04:04:29 Latest version is 1.7.7
2024-12-28 04:04:29 App is up to date.
2024-12-28 05:04:29 Checking for update using Github
2024-12-28 05:04:29 Success.
2024-12-28 05:04:29 Latest version is 1.7.7
2024-12-28 05:04:29 App is up to date.
2024-12-28 06:04:29 Checking for update using Github
2024-12-28 06:04:29 Success.
2024-12-28 06:04:29 Latest version is 1.7.7
2024-12-28 06:04:29 App is up to date.
2024-12-28 18:56:04 Loading main app package /usr/lib/obsidian/obsidian.asar
2024-12-28 18:56:05 Checking for update using Github
2024-12-28 18:56:05 Success.
2024-12-28 18:56:05 Latest version is 1.7.7
2024-12-28 18:56:05 App is up to date.
2024-12-28 19:56:05 Checking for update using Github
2024-12-28 19:56:05 Success.
2024-12-28 19:56:05 Latest version is 1.7.7
2024-12-28 19:56:05 App is up to date.
2024-12-28 20:56:05 Checking for update using Github
2024-12-28 20:56:05 Success.
2024-12-28 20:56:05 Latest version is 1.7.7
2024-12-28 20:56:05 App is up to date.
2024-12-28 21:56:05 Checking for update using Github
2024-12-28 21:56:05 Success.
2024-12-28 21:56:05 Latest version is 1.7.7
2024-12-28 21:56:05 App is up to date.
2024-12-28 22:56:05 Checking for update using Github
2024-12-28 22:56:05 Success.
2024-12-28 22:56:05 Latest version is 1.7.7
2024-12-28 22:56:05 App is up to date.
2024-12-28 23:56:05 Checking for update using Github
2024-12-28 23:56:05 Success.
2024-12-28 23:56:05 Latest version is 1.7.7
2024-12-28 23:56:05 App is up to date.
2024-12-29 00:56:05 Checking for update using Github
2024-12-29 00:56:05 Success.
2024-12-29 00:56:05 Latest version is 1.7.7
2024-12-29 00:56:05 App is up to date.
2024-12-29 01:56:05 Checking for update using Github
2024-12-29 01:56:05 Success.
2024-12-29 01:56:05 Latest version is 1.7.7
2024-12-29 01:56:05 App is up to date.
2024-12-29 02:56:05 Checking for update using Github
2024-12-29 02:56:05 Success.
2024-12-29 02:56:05 Latest version is 1.7.7
2024-12-29 02:56:05 App is up to date.
2024-12-29 03:56:05 Checking for update using Github
2024-12-29 03:56:05 Success.
2024-12-29 03:56:05 Latest version is 1.7.7
2024-12-29 03:56:05 App is up to date.
2024-12-29 04:56:05 Checking for update using Github
2024-12-29 04:56:05 Success.
2024-12-29 04:56:05 Latest version is 1.7.7
2024-12-29 04:56:05 App is up to date.
2024-12-29 21:56:40 Loading main app package /usr/lib/obsidian/obsidian.asar
2024-12-29 21:56:40 Checking for update using Github
2024-12-29 21:56:40 Success.
2024-12-29 21:56:40 Latest version is 1.7.7
2024-12-29 21:56:40 App is up to date.
2024-12-29 22:56:40 Checking for update using Github
2024-12-29 22:56:40 Success.
2024-12-29 22:56:40 Latest version is 1.7.7
2024-12-29 22:56:40 App is up to date.
2024-12-29 23:56:40 Checking for update using Github
2024-12-29 23:56:40 Success.
2024-12-29 23:56:40 Latest version is 1.7.7
2024-12-29 23:56:40 App is up to date.
2024-12-30 00:56:40 Checking for update using Github
2024-12-30 00:56:40 Success.
2024-12-30 00:56:40 Latest version is 1.7.7
2024-12-30 00:56:40 App is up to date.
2024-12-30 01:56:40 Checking for update using Github
2024-12-30 01:56:40 Success.
2024-12-30 01:56:40 Latest version is 1.7.7
2024-12-30 01:56:40 App is up to date.
2024-12-30 02:56:40 Checking for update using Github
2024-12-30 02:56:40 Success.
2024-12-30 02:56:40 Latest version is 1.7.7
2024-12-30 02:56:40 App is up to date.
2024-12-30 03:56:40 Checking for update using Github
2024-12-30 03:56:40 Success.
2024-12-30 03:56:40 Latest version is 1.7.7
2024-12-30 03:56:40 App is up to date.
2024-12-30 04:56:40 Checking for update using Github
2024-12-30 04:56:40 Success.
2024-12-30 04:56:40 Latest version is 1.7.7
2024-12-30 04:56:40 App is up to date.
2024-12-30 05:56:40 Checking for update using Github
2024-12-30 05:56:40 Success.
2024-12-30 05:56:40 Latest version is 1.7.7
2024-12-30 05:56:40 App is up to date.
2024-12-30 06:56:40 Checking for update using Github
2024-12-30 06:56:41 Success.
2024-12-30 06:56:41 Latest version is 1.7.7
2024-12-30 06:56:41 App is up to date.
2024-12-30 07:56:41 Checking for update using Github
2024-12-30 07:56:41 Success.
2024-12-30 07:56:41 Latest version is 1.7.7
2024-12-30 07:56:41 App is up to date.
2024-12-30 21:46:14 Loading main app package /usr/lib/obsidian/obsidian.asar
2024-12-30 21:46:14 Checking for update using Github
2024-12-30 21:46:14 Success.
2024-12-30 21:46:14 Latest version is 1.7.7
2024-12-30 21:46:14 App is up to date.
2024-12-30 22:46:14 Checking for update using Github
2024-12-30 22:46:14 Success.
2024-12-30 22:46:14 Latest version is 1.7.7
2024-12-30 22:46:14 App is up to date.
2024-12-30 23:46:14 Checking for update using Github
2024-12-30 23:46:14 Success.
2024-12-30 23:46:14 Latest version is 1.7.7
2024-12-30 23:46:14 App is up to date.
2024-12-31 00:46:14 Checking for update using Github
2024-12-31 00:46:14 Success.
2024-12-31 00:46:14 Latest version is 1.7.7
2024-12-31 00:46:14 App is up to date.
2024-12-31 01:46:14 Checking for update using Github
2024-12-31 01:46:15 Success.
2024-12-31 01:46:15 Latest version is 1.7.7
2024-12-31 01:46:15 App is up to date.
2024-12-31 02:46:15 Checking for update using Github
2024-12-31 02:46:15 Success.
2024-12-31 02:46:15 Latest version is 1.7.7
2024-12-31 02:46:15 App is up to date.
2024-12-31 03:46:15 Checking for update using Github
2024-12-31 03:46:15 Success.
2024-12-31 03:46:15 Latest version is 1.7.7
2024-12-31 03:46:15 App is up to date.
2024-12-31 04:46:15 Checking for update using Github
2024-12-31 04:46:15 Success.
2024-12-31 04:46:15 Latest version is 1.7.7
2024-12-31 04:46:15 App is up to date.
2024-12-31 05:46:15 Checking for update using Github
2024-12-31 05:46:15 Success.
2024-12-31 05:46:15 Latest version is 1.7.7
2024-12-31 05:46:15 App is up to date.
2024-12-31 06:46:15 Checking for update using Github
2024-12-31 06:46:15 Success.
2024-12-31 06:46:15 Latest version is 1.7.7
2024-12-31 06:46:15 App is up to date.
2024-12-31 07:46:15 Checking for update using Github
2024-12-31 07:46:15 Success.
2024-12-31 07:46:15 Latest version is 1.7.7
2024-12-31 07:46:15 App is up to date.
2024-12-31 19:04:26 Loading main app package /usr/lib/obsidian/obsidian.asar
2024-12-31 19:04:27 Checking for update using Github
2024-12-31 19:04:27 Success.
2024-12-31 19:04:27 Latest version is 1.7.7
2024-12-31 19:04:27 App is up to date.
2024-12-31 20:04:26 Checking for update using Github
2024-12-31 20:04:26 Success.
2024-12-31 20:04:26 Latest version is 1.7.7
2024-12-31 20:04:26 App is up to date.
2024-12-31 21:04:26 Checking for update using Github
2024-12-31 21:04:27 Success.
2024-12-31 21:04:27 Latest version is 1.7.7
2024-12-31 21:04:27 App is up to date.
2024-12-31 22:04:26 Checking for update using Github
2024-12-31 22:04:27 Success.
2024-12-31 22:04:27 Latest version is 1.7.7
2024-12-31 22:04:27 App is up to date.
2024-12-31 23:04:27 Checking for update using Github
2024-12-31 23:04:27 Success.
2024-12-31 23:04:27 Latest version is 1.7.7
2024-12-31 23:04:27 App is up to date.
2025-01-01 00:04:27 Checking for update using Github
2025-01-01 00:04:27 Success.
2025-01-01 00:04:27 Latest version is 1.7.7
2025-01-01 00:04:27 App is up to date.
2025-01-01 01:04:27 Checking for update using Github
2025-01-01 01:04:27 Success.
2025-01-01 01:04:27 Latest version is 1.7.7
2025-01-01 01:04:27 App is up to date.
2025-01-01 02:04:27 Checking for update using Github
2025-01-01 02:04:27 Success.
2025-01-01 02:04:27 Latest version is 1.7.7
2025-01-01 02:04:27 App is up to date.
2025-01-01 03:04:27 Checking for update using Github
2025-01-01 03:04:27 Success.
2025-01-01 03:04:27 Latest version is 1.7.7
2025-01-01 03:04:27 App is up to date.
2025-01-01 04:04:27 Checking for update using Github
2025-01-01 04:04:27 Success.
2025-01-01 04:04:27 Latest version is 1.7.7
2025-01-01 04:04:27 App is up to date.
2025-01-01 05:04:27 Checking for update using Github
2025-01-01 05:04:27 Success.
2025-01-01 05:04:27 Latest version is 1.7.7
2025-01-01 05:04:27 App is up to date.
2025-01-01 06:04:27 Checking for update using Github
2025-01-01 06:04:27 Success.
2025-01-01 06:04:27 Latest version is 1.7.7
2025-01-01 06:04:27 App is up to date.
2025-01-01 20:51:32 Loading main app package /usr/lib/obsidian/obsidian.asar
2025-01-01 20:51:32 Checking for update using Github
2025-01-01 20:51:32 Success.
2025-01-01 20:51:32 Latest version is 1.7.7
2025-01-01 20:51:32 App is up to date.
2025-01-01 21:51:32 Checking for update using Github
2025-01-01 21:51:32 Success.
2025-01-01 21:51:32 Latest version is 1.7.7
2025-01-01 21:51:32 App is up to date.
2025-01-01 22:51:32 Checking for update using Github
2025-01-01 22:51:32 Success.
2025-01-01 22:51:32 Latest version is 1.7.7
2025-01-01 22:51:32 App is up to date.
2025-01-01 23:51:32 Checking for update using Github
2025-01-01 23:51:32 Success.
2025-01-01 23:51:32 Latest version is 1.7.7
2025-01-01 23:51:32 App is up to date.
2025-01-02 00:51:32 Checking for update using Github
2025-01-02 00:51:32 Success.
2025-01-02 00:51:32 Latest version is 1.7.7
2025-01-02 00:51:32 App is up to date.
2025-01-02 01:51:32 Checking for update using Github
2025-01-02 01:51:32 Success.
2025-01-02 01:51:32 Latest version is 1.7.7
2025-01-02 01:51:32 App is up to date.
2025-01-02 02:51:32 Checking for update using Github
2025-01-02 02:51:32 Success.
2025-01-02 02:51:32 Latest version is 1.7.7
2025-01-02 02:51:32 App is up to date.
2025-01-02 03:51:32 Checking for update using Github
2025-01-02 03:51:32 Success.
2025-01-02 03:51:32 Latest version is 1.7.7
2025-01-02 03:51:32 App is up to date.
2025-01-02 04:51:32 Checking for update using Github
2025-01-02 04:51:32 Success.
2025-01-02 04:51:32 Latest version is 1.7.7
2025-01-02 04:51:32 App is up to date.
2025-01-03 00:21:00 Loading main app package /usr/lib/obsidian/obsidian.asar
2025-01-03 00:21:00 Checking for update using Github
2025-01-03 00:21:01 Success.
2025-01-03 00:21:01 Latest version is 1.7.7
2025-01-03 00:21:01 App is up to date.
2025-01-03 01:21:00 Checking for update using Github
2025-01-03 01:21:00 Success.
2025-01-03 01:21:00 Latest version is 1.7.7
2025-01-03 01:21:00 App is up to date.
2025-01-03 02:21:00 Checking for update using Github
2025-01-03 02:21:00 Success.
2025-01-03 02:21:00 Latest version is 1.7.7
2025-01-03 02:21:00 App is up to date.
2025-01-03 03:21:00 Checking for update using Github
2025-01-03 03:21:00 Success.
2025-01-03 03:21:00 Latest version is 1.7.7
2025-01-03 03:21:00 App is up to date.
2025-01-03 21:43:35 Loading main app package /usr/lib/obsidian/obsidian.asar
2025-01-03 21:43:35 Checking for update using Github
2025-01-03 21:43:35 Success.
2025-01-03 21:43:35 Latest version is 1.7.7
2025-01-03 21:43:35 App is up to date.
2025-01-03 22:43:35 Checking for update using Github
2025-01-03 22:43:35 Success.
2025-01-03 22:43:35 Latest version is 1.7.7
2025-01-03 22:43:35 App is up to date.
2025-01-03 23:43:35 Checking for update using Github
2025-01-03 23:43:35 Success.
2025-01-03 23:43:35 Latest version is 1.7.7
2025-01-03 23:43:35 App is up to date.
2025-01-04 00:43:35 Checking for update using Github
2025-01-04 00:43:35 Success.
2025-01-04 00:43:35 Latest version is 1.7.7
2025-01-04 00:43:35 App is up to date.
2025-01-04 21:36:31 Loading main app package /usr/lib/obsidian/obsidian.asar
2025-01-04 21:36:31 Checking for update using Github
2025-01-04 21:36:31 Success.
2025-01-04 21:36:31 Latest version is 1.7.7
2025-01-04 21:36:31 App is up to date.
2025-01-04 22:36:31 Checking for update using Github
2025-01-04 22:36:31 Success.
2025-01-04 22:36:31 Latest version is 1.7.7
2025-01-04 22:36:31 App is up to date.
2025-01-04 23:36:31 Checking for update using Github
2025-01-04 23:36:31 Success.
2025-01-04 23:36:31 Latest version is 1.7.7
2025-01-04 23:36:31 App is up to date.
2025-01-05 00:36:31 Checking for update using Github
2025-01-05 00:36:31 Success.
2025-01-05 00:36:31 Latest version is 1.7.7
2025-01-05 00:36:31 App is up to date.
2025-01-05 01:36:31 Checking for update using Github
2025-01-05 01:36:31 Success.
2025-01-05 01:36:31 Latest version is 1.7.7
2025-01-05 01:36:31 App is up to date.
2025-01-05 02:36:31 Checking for update using Github
2025-01-05 02:36:31 Success.
2025-01-05 02:36:31 Latest version is 1.7.7
2025-01-05 02:36:31 App is up to date.
2025-01-05 03:36:31 Checking for update using Github
2025-01-05 03:36:31 Success.
2025-01-05 03:36:31 Latest version is 1.7.7
2025-01-05 03:36:31 App is up to date.
2025-01-05 04:36:31 Checking for update using Github
2025-01-05 04:36:31 Success.
2025-01-05 04:36:31 Latest version is 1.7.7
2025-01-05 04:36:31 App is up to date.
2025-01-05 05:36:31 Checking for update using Github
2025-01-05 05:36:31 Success.
2025-01-05 05:36:31 Latest version is 1.7.7
2025-01-05 05:36:31 App is up to date.
2025-01-05 06:36:31 Checking for update using Github
2025-01-05 06:36:31 Success.
2025-01-05 06:36:31 Latest version is 1.7.7
2025-01-05 06:36:31 App is up to date.
2025-01-05 07:36:31 Checking for update using Github
2025-01-05 07:36:31 Success.
2025-01-05 07:36:31 Latest version is 1.7.7
2025-01-05 07:36:31 App is up to date.
2025-01-05 19:45:48 Loading main app package /usr/lib/obsidian/obsidian.asar
2025-01-05 19:45:48 Checking for update using Github
2025-01-05 19:45:48 Success.
2025-01-05 19:45:48 Latest version is 1.7.7
2025-01-05 19:45:48 App is up to date.
2025-01-05 20:45:48 Checking for update using Github
2025-01-05 20:45:48 Success.
2025-01-05 20:45:48 Latest version is 1.7.7
2025-01-05 20:45:48 App is up to date.
2025-01-05 21:45:48 Checking for update using Github
2025-01-05 21:45:48 Success.
2025-01-05 21:45:48 Latest version is 1.7.7
2025-01-05 21:45:48 App is up to date.
2025-01-05 22:45:48 Checking for update using Github
2025-01-05 22:45:48 Success.
2025-01-05 22:45:48 Latest version is 1.7.7
2025-01-05 22:45:48 App is up to date.
2025-01-05 23:45:48 Checking for update using Github
2025-01-05 23:45:48 Success.
2025-01-05 23:45:48 Latest version is 1.7.7
2025-01-05 23:45:48 App is up to date.
2025-01-06 00:45:48 Checking for update using Github
2025-01-06 00:45:48 Success.
2025-01-06 00:45:48 Latest version is 1.7.7
2025-01-06 00:45:48 App is up to date.
2025-01-06 01:45:48 Checking for update using Github
2025-01-06 01:45:49 Success.
2025-01-06 01:45:49 Latest version is 1.7.7
2025-01-06 01:45:49 App is up to date.
2025-01-06 21:40:58 Loading main app package /usr/lib/obsidian/obsidian.asar
2025-01-06 21:40:58 Checking for update using Github
2025-01-06 21:40:59 Success.
2025-01-06 21:40:59 Latest version is 1.7.7
2025-01-06 21:40:59 App is up to date.
2025-01-06 22:40:58 Checking for update using Github
2025-01-06 22:40:58 Success.
2025-01-06 22:40:58 Latest version is 1.7.7
2025-01-06 22:40:58 App is up to date.
2025-01-06 23:40:58 Checking for update using Github
2025-01-06 23:40:59 Success.
2025-01-06 23:40:59 Latest version is 1.7.7
2025-01-06 23:40:59 App is up to date.
2025-01-07 00:40:58 Checking for update using Github
2025-01-07 00:40:59 Success.
2025-01-07 00:40:59 Latest version is 1.7.7
2025-01-07 00:40:59 App is up to date.
2025-01-11 04:56:52 Loading main app package /usr/lib/obsidian/obsidian.asar
2025-01-11 04:56:52 Checking for update using Github
2025-01-11 04:56:53 Success.
2025-01-11 04:56:53 Latest version is 1.7.7
2025-01-11 04:56:53 App is up to date.
2025-01-11 05:56:52 Checking for update using Github
2025-01-11 05:56:52 Success.
2025-01-11 05:56:52 Latest version is 1.7.7
2025-01-11 05:56:52 App is up to date.
2025-01-24 04:58:24 Loading main app package /usr/lib/obsidian/obsidian.asar
2025-01-24 04:58:24 Checking for update using Github
2025-01-24 04:58:24 Success.
2025-01-24 04:58:24 Latest version is 1.7.7
2025-01-24 04:58:24 App is up to date.
2025-01-24 05:58:24 Checking for update using Github
2025-01-24 05:58:24 Success.
2025-01-24 05:58:24 Latest version is 1.7.7
2025-01-24 05:58:24 App is up to date.
2025-01-24 19:56:59 Loading main app package /usr/lib/obsidian/obsidian.asar
2025-01-24 19:57:00 Checking for update using Github
2025-01-24 19:57:00 Success.
2025-01-24 19:57:00 Latest version is 1.7.7
2025-01-24 19:57:00 App is up to date.
2025-01-24 20:57:00 Checking for update using Github
2025-01-24 20:57:00 Success.
2025-01-24 20:57:00 Latest version is 1.7.7
2025-01-24 20:57:00 App is up to date.
2025-01-24 21:57:00 Checking for update using Github
2025-01-24 21:57:00 Success.
2025-01-24 21:57:00 Latest version is 1.7.7
2025-01-24 21:57:00 App is up to date.
2025-01-24 22:57:00 Checking for update using Github
2025-01-24 22:57:00 Success.
2025-01-24 22:57:00 Latest version is 1.7.7
2025-01-24 22:57:00 App is up to date.
2025-01-24 23:57:00 Checking for update using Github
2025-01-24 23:57:00 Success.
2025-01-24 23:57:00 Latest version is 1.7.7
2025-01-24 23:57:00 App is up to date.
2025-01-25 00:57:00 Checking for update using Github
2025-01-25 00:57:00 Success.
2025-01-25 00:57:00 Latest version is 1.7.7
2025-01-25 00:57:00 App is up to date.
2025-01-25 01:57:00 Checking for update using Github
2025-01-25 01:57:00 Success.
2025-01-25 01:57:00 Latest version is 1.7.7
2025-01-25 01:57:00 App is up to date.
2025-01-25 02:57:00 Checking for update using Github
2025-01-25 02:57:00 Success.
2025-01-25 02:57:00 Latest version is 1.7.7
2025-01-25 02:57:00 App is up to date.
2025-01-25 15:36:56 Loading main app package /usr/lib/obsidian/obsidian.asar
2025-01-25 15:36:56 Checking for update using Github
2025-01-25 15:36:56 Success.
2025-01-25 15:36:56 Latest version is 1.7.7
2025-01-25 15:36:56 App is up to date.
2025-01-25 16:05:53 Loading main app package /usr/lib/obsidian/obsidian.asar
2025-01-25 16:05:53 Checking for update using Github
2025-01-25 16:05:53 Success.
2025-01-25 16:05:53 Latest version is 1.7.7
2025-01-25 16:05:53 App is up to date.
2025-01-27 01:25:24 Loading main app package /usr/lib/obsidian/obsidian.asar
2025-01-27 01:25:24 Checking for update using Github
2025-01-27 01:25:24 Success.
2025-01-27 01:25:24 Latest version is 1.7.7
2025-01-27 01:25:24 App is up to date.
2025-01-27 01:54:14 Loading main app package /usr/lib/obsidian/obsidian.asar
2025-01-27 01:54:14 Checking for update using Github
2025-01-27 02:25:24 Checking for update using Github
2025-01-27 02:25:24 Success.
2025-01-27 02:25:24 Latest version is 1.7.7
2025-01-27 02:25:24 App is up to date.
2025-01-27 03:25:24 Checking for update using Github
2025-01-27 03:25:24 Success.
2025-01-27 03:25:24 Latest version is 1.7.7
2025-01-27 03:25:24 App is up to date.
2025-01-27 04:25:24 Checking for update using Github
2025-01-27 04:25:24 Success.
2025-01-27 04:25:24 Latest version is 1.7.7
2025-01-27 04:25:24 App is up to date.
2025-01-27 17:27:03 Loading main app package /usr/lib/obsidian/obsidian.asar
2025-01-27 17:27:03 Checking for update using Github
2025-01-27 17:27:03 Success.
2025-01-27 17:27:03 Latest version is 1.7.7
2025-01-27 17:27:03 App is up to date.
2025-01-27 18:27:03 Checking for update using Github
2025-01-27 18:27:03 Success.
2025-01-27 18:27:03 Latest version is 1.7.7
2025-01-27 18:27:03 App is up to date.
2025-01-27 20:15:02 Loading main app package /usr/lib/obsidian/obsidian.asar
2025-01-27 20:15:03 Checking for update using Github
2025-01-27 20:15:03 Success.
2025-01-27 20:15:03 Latest version is 1.7.7
2025-01-27 20:15:03 App is up to date.
2025-01-29 20:49:26 Loading main app package /usr/lib/obsidian/obsidian.asar
2025-01-29 20:49:26 Checking for update using Github
2025-01-29 20:49:27 Success.
2025-01-29 20:49:27 Latest version is 1.7.7
2025-01-29 20:49:27 App is up to date.
2025-01-29 21:49:26 Checking for update using Github
2025-01-29 21:49:26 Success.
2025-01-29 21:49:26 Latest version is 1.7.7
2025-01-29 21:49:26 App is up to date.
2025-01-29 22:49:26 Checking for update using Github
2025-01-29 22:49:26 Success.
2025-01-29 22:49:26 Latest version is 1.7.7
2025-01-29 22:49:26 App is up to date.
2025-01-29 23:49:26 Checking for update using Github
2025-01-29 23:49:27 Success.
2025-01-29 23:49:27 Latest version is 1.7.7
2025-01-29 23:49:27 App is up to date.
2025-01-30 00:49:27 Checking for update using Github
2025-01-30 00:49:27 Success.
2025-01-30 00:49:27 Latest version is 1.7.7
2025-01-30 00:49:27 App is up to date.
2025-01-30 01:49:27 Checking for update using Github
2025-01-30 01:49:27 Success.
2025-01-30 01:49:27 Latest version is 1.7.7
2025-01-30 01:49:27 App is up to date.
2025-01-30 02:49:27 Checking for update using Github
2025-01-30 02:49:27 Success.
2025-01-30 02:49:27 Latest version is 1.7.7
2025-01-30 02:49:27 App is up to date.
2025-01-30 03:49:27 Checking for update using Github
2025-01-30 03:49:27 Success.
2025-01-30 03:49:27 Latest version is 1.7.7
2025-01-30 03:49:27 App is up to date.
2025-01-30 04:49:27 Checking for update using Github
2025-01-30 04:49:27 Success.
2025-01-30 04:49:27 Latest version is 1.7.7
2025-01-30 04:49:27 App is up to date.
2025-01-30 19:38:45 Loading main app package /usr/lib/obsidian/obsidian.asar
2025-01-30 19:38:45 Checking for update using Github
2025-01-30 19:38:45 Success.
2025-01-30 19:38:45 Latest version is 1.8.3
2025-01-30 19:38:45 Downloading update from https://github.com/obsidianmd/obsidian-releases/releases/download/v1.8.3/obsidian-1.8.3.asar.gz
2025-01-30 19:38:46 Verifying hash & signature. Size= 8123758
2025-01-30 19:38:46 Saving file
2025-01-30 19:38:46 Update complete.
2025-01-30 20:38:45 Checking for update using Github
2025-01-30 20:38:45 Success.
2025-01-30 20:38:45 Latest version is 1.8.3
2025-01-30 20:38:45 An update is already downloaded.
2025-02-04 03:39:57 Loading updated app package /home/kriyos/.config/obsidian/obsidian-1.8.3.asar
2025-02-04 03:39:57 Checking for update using Github
2025-02-04 03:39:58 Success.
2025-02-04 03:39:58 Latest version is 1.8.4
2025-02-04 03:39:58 Downloading update from https://github.com/obsidianmd/obsidian-releases/releases/download/v1.8.4/obsidian-1.8.4.asar.gz
2025-02-04 03:39:59 Verifying hash & signature. Size= 8123782
2025-02-04 03:39:59 Saving file
2025-02-04 03:39:59 Update complete.
2025-02-06 00:13:39 Loading updated app package /home/kriyos/.config/obsidian/obsidian-1.8.4.asar
2025-02-06 00:13:39 Checking for update using Github
2025-02-06 00:13:40 Success.
2025-02-06 00:13:40 Latest version is 1.8.4
2025-02-06 00:13:40 App is up to date.
2025-02-07 19:11:58 Loading updated app package /home/kriyos/.config/obsidian/obsidian-1.8.4.asar
2025-02-07 19:11:58 Checking for update using Github
2025-02-07 19:11:58 Success.
2025-02-07 19:11:58 Latest version is 1.8.4
2025-02-07 19:11:58 App is up to date.
2025-02-07 20:11:58 Checking for update using Github
2025-02-07 20:11:58 Success.
2025-02-07 20:11:58 Latest version is 1.8.4
2025-02-07 20:11:58 App is up to date.
2025-02-10 01:09:35 Loading updated app package /home/kriyos/.config/obsidian/obsidian-1.8.4.asar
2025-02-10 01:09:35 Checking for update using Github
2025-02-10 01:09:35 Success.
2025-02-10 01:09:35 Latest version is 1.8.4
2025-02-10 01:09:35 App is up to date.
2025-02-20 16:00:34 Loading updated app package /home/kriyos/.config/obsidian/obsidian-1.8.4.asar
2025-02-20 16:00:34 Checking for update using Github
2025-02-20 16:00:34 Success.
2025-02-20 16:00:34 Latest version is 1.8.7
2025-02-20 16:00:34 Downloading update from https://github.com/obsidianmd/obsidian-releases/releases/download/v1.8.7/obsidian-1.8.7.asar.gz
2025-02-20 16:00:35 Verifying hash & signature. Size= 8128038
2025-02-20 16:00:35 Saving file
2025-02-20 16:00:35 Update complete.
2025-02-25 20:03:05 Loading updated app package /home/kriyos/.config/obsidian/obsidian-1.8.7.asar
2025-02-25 20:03:05 Checking for update using Github
2025-02-25 20:03:05 Success.
2025-02-25 20:03:05 Latest version is 1.8.7
2025-02-25 20:03:05 App is up to date.
2025-02-25 21:03:05 Checking for update using Github
2025-02-25 21:03:05 Success.
2025-02-25 21:03:05 Latest version is 1.8.7
2025-02-25 21:03:05 App is up to date.
2025-02-25 22:03:05 Checking for update using Github
2025-02-25 22:03:05 Success.
2025-02-25 22:03:05 Latest version is 1.8.7
2025-02-25 22:03:05 App is up to date.
2025-02-25 23:03:05 Checking for update using Github
2025-02-25 23:03:05 Success.
2025-02-25 23:03:05 Latest version is 1.8.7
2025-02-25 23:03:05 App is up to date.
2025-02-26 00:03:05 Checking for update using Github
2025-02-26 00:03:05 Success.
2025-02-26 00:03:05 Latest version is 1.8.7
2025-02-26 00:03:05 App is up to date.
2025-02-27 04:53:35 Loading updated app package /home/kriyos/.config/obsidian/obsidian-1.8.7.asar
2025-02-27 04:53:35 Checking for update using Github
2025-02-27 04:53:36 Success.
2025-02-27 04:53:36 Latest version is 1.8.7
2025-02-27 04:53:36 App is up to date.
2025-02-27 06:30:44 Loading updated app package /home/kriyos/.config/obsidian/obsidian-1.8.7.asar
2025-02-27 06:30:44 Checking for update using Github
2025-02-27 06:30:44 Success.
2025-02-27 06:30:44 Latest version is 1.8.7
2025-02-27 06:30:44 App is up to date.
2025-02-27 07:30:44 Checking for update using Github
2025-02-27 07:30:44 Success.
2025-02-27 07:30:44 Latest version is 1.8.7
2025-02-27 07:30:44 App is up to date.
2025-03-04 02:35:54 Loading updated app package /home/kriyos/.config/obsidian/obsidian-1.8.7.asar
2025-03-04 02:35:54 Checking for update using Github
2025-03-04 02:35:55 Success.
2025-03-04 02:35:55 Latest version is 1.8.7
2025-03-04 02:35:55 App is up to date.
2025-03-04 03:35:54 Checking for update using Github
2025-03-04 03:35:54 Success.
2025-03-04 03:35:54 Latest version is 1.8.7
2025-03-04 03:35:54 App is up to date.
2025-03-04 04:35:54 Checking for update using Github
2025-03-04 04:35:54 Success.
2025-03-04 04:35:54 Latest version is 1.8.7
2025-03-04 04:35:54 App is up to date.
2025-03-04 23:53:25 Loading updated app package /home/kriyos/.config/obsidian/obsidian-1.8.7.asar
2025-03-04 23:53:25 Checking for update using Github
2025-03-04 23:53:25 Success.
2025-03-04 23:53:25 Latest version is 1.8.7
2025-03-04 23:53:25 App is up to date.
2025-03-05 00:53:25 Checking for update using Github
2025-03-05 00:53:25 Success.
2025-03-05 00:53:25 Latest version is 1.8.7
2025-03-05 00:53:25 App is up to date.
2025-03-05 01:53:25 Checking for update using Github
2025-03-05 01:53:25 Success.
2025-03-05 01:53:25 Latest version is 1.8.7
2025-03-05 01:53:25 App is up to date.
2025-03-05 03:53:24 Loading updated app package /home/kriyos/.config/obsidian/obsidian-1.8.7.asar
2025-03-05 03:53:24 Checking for update using Github
2025-03-05 03:53:24 Success.
2025-03-05 03:53:24 Latest version is 1.8.7
2025-03-05 03:53:24 App is up to date.
2025-03-05 04:53:24 Checking for update using Github
2025-03-05 04:53:24 Success.
2025-03-05 04:53:24 Latest version is 1.8.7
2025-03-05 04:53:24 App is up to date.
2025-03-05 05:53:24 Checking for update using Github
2025-03-05 05:53:24 Success.
2025-03-05 05:53:24 Latest version is 1.8.7
2025-03-05 05:53:24 App is up to date.
2025-03-05 06:53:24 Checking for update using Github
2025-03-05 06:53:24 Success.
2025-03-05 06:53:24 Latest version is 1.8.7
2025-03-05 06:53:24 App is up to date.
2025-03-05 18:37:07 Loading updated app package /home/kriyos/.config/obsidian/obsidian-1.8.7.asar
2025-03-05 18:37:07 Checking for update using Github
2025-03-05 18:37:07 Success.
2025-03-05 18:37:07 Latest version is 1.8.9
2025-03-05 18:37:07 Downloading update from https://github.com/obsidianmd/obsidian-releases/releases/download/v1.8.9/obsidian-1.8.9.asar.gz
2025-03-05 18:37:08 Verifying hash & signature. Size= 8125625
2025-03-05 18:37:08 Saving file
2025-03-05 18:37:08 Update complete.
2025-03-05 19:37:07 Checking for update using Github
2025-03-05 19:37:07 Success.
2025-03-05 19:37:07 Latest version is 1.8.9
2025-03-05 19:37:07 An update is already downloaded.
2025-03-05 20:37:07 Checking for update using Github
2025-03-05 20:37:07 Success.
2025-03-05 20:37:07 Latest version is 1.8.9
2025-03-05 20:37:07 An update is already downloaded.
2025-03-06 17:50:46 Loading updated app package /home/kriyos/.config/obsidian/obsidian-1.8.9.asar
2025-03-06 17:50:46 Checking for update using Github
2025-03-06 17:50:46 Success.
2025-03-06 17:50:46 Latest version is 1.8.9
2025-03-06 17:50:46 App is up to date.
2025-03-06 18:50:46 Checking for update using Github
2025-03-06 18:50:46 Success.
2025-03-06 18:50:46 Latest version is 1.8.9
2025-03-06 18:50:46 App is up to date.
2025-03-06 19:50:46 Checking for update using Github
2025-03-06 19:50:46 Success.
2025-03-06 19:50:46 Latest version is 1.8.9
2025-03-06 19:50:46 App is up to date.
2025-03-06 21:20:54 Loading updated app package /home/kriyos/.config/obsidian/obsidian-1.8.9.asar
2025-03-06 21:20:54 Checking for update using Github
2025-03-06 21:20:54 Success.
2025-03-06 21:20:54 Latest version is 1.8.9
2025-03-06 21:20:54 App is up to date.
2025-03-06 22:20:54 Checking for update using Github
2025-03-06 22:20:54 Success.
2025-03-06 22:20:54 Latest version is 1.8.9
2025-03-06 22:20:54 App is up to date.
2025-03-06 23:20:54 Checking for update using Github
2025-03-06 23:20:54 Success.
2025-03-06 23:20:54 Latest version is 1.8.9
2025-03-06 23:20:54 App is up to date.
2025-03-07 00:20:54 Checking for update using Github
2025-03-07 00:20:54 Success.
2025-03-07 00:20:54 Latest version is 1.8.9
2025-03-07 00:20:54 App is up to date.
2025-03-07 01:20:54 Checking for update using Github
2025-03-07 01:20:54 Success.
2025-03-07 01:20:54 Latest version is 1.8.9
2025-03-07 01:20:54 App is up to date.
2025-03-07 02:20:54 Checking for update using Github
2025-03-07 02:20:54 Success.
2025-03-07 02:20:54 Latest version is 1.8.9
2025-03-07 02:20:54 App is up to date.
2025-03-07 03:20:54 Checking for update using Github
2025-03-07 03:20:54 Success.
2025-03-07 03:20:54 Latest version is 1.8.9
2025-03-07 03:20:54 App is up to date.
2025-03-07 04:20:54 Checking for update using Github
2025-03-07 04:20:54 Success.
2025-03-07 04:20:54 Latest version is 1.8.9
2025-03-07 04:20:54 App is up to date.
2025-03-07 05:20:54 Checking for update using Github
2025-03-07 05:20:54 Success.
2025-03-07 05:20:54 Latest version is 1.8.9
2025-03-07 05:20:54 App is up to date.
2025-03-07 06:20:54 Checking for update using Github
2025-03-07 06:20:54 Success.
2025-03-07 06:20:54 Latest version is 1.8.9
2025-03-07 06:20:54 App is up to date.
2025-03-07 07:20:54 Checking for update using Github
2025-03-07 07:20:54 Success.
2025-03-07 07:20:54 Latest version is 1.8.9
2025-03-07 07:20:54 App is up to date.
2025-03-07 08:20:54 Checking for update using Github
2025-03-07 08:20:54 Success.
2025-03-07 08:20:54 Latest version is 1.8.9
2025-03-07 08:20:54 App is up to date.
2025-03-07 09:20:54 Checking for update using Github
2025-03-07 09:20:54 Success.
2025-03-07 09:20:54 Latest version is 1.8.9
2025-03-07 09:20:54 App is up to date.
2025-03-07 10:20:54 Checking for update using Github
2025-03-07 10:20:54 Success.
2025-03-07 10:20:54 Latest version is 1.8.9
2025-03-07 10:20:54 App is up to date.
2025-03-07 11:20:54 Checking for update using Github
2025-03-07 11:20:55 Success.
2025-03-07 11:20:55 Latest version is 1.8.9
2025-03-07 11:20:55 App is up to date.
2025-03-07 12:20:55 Checking for update using Github
2025-03-07 12:20:55 Success.
2025-03-07 12:20:55 Latest version is 1.8.9
2025-03-07 12:20:55 App is up to date.
2025-03-07 13:20:55 Checking for update using Github
2025-03-07 13:20:55 Success.
2025-03-07 13:20:55 Latest version is 1.8.9
2025-03-07 13:20:55 App is up to date.
2025-03-07 14:20:55 Checking for update using Github
2025-03-07 14:20:55 Success.
2025-03-07 14:20:55 Latest version is 1.8.9
2025-03-07 14:20:55 App is up to date.
2025-03-07 15:20:55 Checking for update using Github
2025-03-07 15:20:55 Success.
2025-03-07 15:20:55 Latest version is 1.8.9
2025-03-07 15:20:55 App is up to date.
2025-03-07 16:20:55 Checking for update using Github
2025-03-07 16:20:55 Success.
2025-03-07 16:20:55 Latest version is 1.8.9
2025-03-07 16:20:55 App is up to date.
2025-03-07 17:20:55 Checking for update using Github
2025-03-07 17:20:55 Success.
2025-03-07 17:20:55 Latest version is 1.8.9
2025-03-07 17:20:55 App is up to date.
2025-03-07 18:20:55 Checking for update using Github
2025-03-07 18:20:55 Success.
2025-03-07 18:20:55 Latest version is 1.8.9
2025-03-07 18:20:55 App is up to date.
2025-03-07 19:20:55 Checking for update using Github
2025-03-07 19:20:55 Success.
2025-03-07 19:20:55 Latest version is 1.8.9
2025-03-07 19:20:55 App is up to date.
2025-03-07 20:20:55 Checking for update using Github
2025-03-07 20:20:55 Success.
2025-03-07 20:20:55 Latest version is 1.8.9
2025-03-07 20:20:55 App is up to date.
2025-03-07 21:20:55 Checking for update using Github
2025-03-07 21:20:55 Success.
2025-03-07 21:20:55 Latest version is 1.8.9
2025-03-07 21:20:55 App is up to date.
2025-03-07 22:20:55 Checking for update using Github
2025-03-07 22:20:55 Success.
2025-03-07 22:20:55 Latest version is 1.8.9
2025-03-07 22:20:55 App is up to date.
2025-03-07 23:20:55 Checking for update using Github
2025-03-07 23:20:55 Success.
2025-03-07 23:20:55 Latest version is 1.8.9
2025-03-07 23:20:55 App is up to date.
2025-03-08 00:20:55 Checking for update using Github
2025-03-08 00:20:55 Success.
2025-03-08 00:20:55 Latest version is 1.8.9
2025-03-08 00:20:55 App is up to date.
2025-03-08 01:20:55 Checking for update using Github
2025-03-08 01:20:55 Success.
2025-03-08 01:20:55 Latest version is 1.8.9
2025-03-08 01:20:55 App is up to date.
2025-03-08 02:20:55 Checking for update using Github
2025-03-08 02:20:56 Success.
2025-03-08 02:20:56 Latest version is 1.8.9
2025-03-08 02:20:56 App is up to date.
2025-03-08 03:20:55 Checking for update using Github
2025-03-08 03:20:56 Success.
2025-03-08 03:20:56 Latest version is 1.8.9
2025-03-08 03:20:56 App is up to date.
2025-03-08 04:20:56 Checking for update using Github
2025-03-08 04:20:56 Success.
2025-03-08 04:20:56 Latest version is 1.8.9
2025-03-08 04:20:56 App is up to date.
2025-03-08 05:20:56 Checking for update using Github
2025-03-08 05:20:56 Success.
2025-03-08 05:20:56 Latest version is 1.8.9
2025-03-08 05:20:56 App is up to date.
2025-03-08 06:20:56 Checking for update using Github
2025-03-08 06:20:56 Success.
2025-03-08 06:20:56 Latest version is 1.8.9
2025-03-08 06:20:56 App is up to date.
2025-03-09 01:30:40 Loading updated app package /home/kriyos/.config/obsidian/obsidian-1.8.9.asar
2025-03-09 01:30:40 Checking for update using Github
2025-03-09 01:30:40 Success.
2025-03-09 01:30:40 Latest version is 1.8.9
2025-03-09 01:30:40 App is up to date.
2025-03-09 02:30:40 Checking for update using Github
2025-03-09 02:30:40 Success.
2025-03-09 02:30:40 Latest version is 1.8.9
2025-03-09 02:30:40 App is up to date.
2025-03-09 03:30:40 Checking for update using Github
2025-03-09 03:30:40 Success.
2025-03-09 03:30:40 Latest version is 1.8.9
2025-03-09 03:30:40 App is up to date.
2025-03-09 04:30:40 Checking for update using Github
2025-03-09 04:30:40 Success.
2025-03-09 04:30:40 Latest version is 1.8.9
2025-03-09 04:30:40 App is up to date.
2025-03-10 02:08:12 Loading updated app package /home/kriyos/.config/obsidian/obsidian-1.8.9.asar
2025-03-10 02:08:12 Checking for update using Github
2025-03-10 02:08:13 Success.
2025-03-10 02:08:13 Latest version is 1.8.9
2025-03-10 02:08:13 App is up to date.
2025-03-10 03:08:12 Checking for update using Github
2025-03-10 03:08:12 Success.
2025-03-10 03:08:12 Latest version is 1.8.9
2025-03-10 03:08:12 App is up to date.
2025-03-10 18:53:08 Loading updated app package /home/kriyos/.config/obsidian/obsidian-1.8.9.asar
2025-03-10 18:53:08 Checking for update using Github
2025-03-10 18:53:08 Success.
2025-03-10 18:53:08 Latest version is 1.8.9
2025-03-10 18:53:08 App is up to date.
2025-03-10 19:53:08 Checking for update using Github
2025-03-10 19:53:08 Success.
2025-03-10 19:53:08 Latest version is 1.8.9
2025-03-10 19:53:08 App is up to date.
2025-03-11 07:28:03 Loading updated app package /home/kriyos/.config/obsidian/obsidian-1.8.9.asar
2025-03-11 07:28:03 Checking for update using Github
2025-03-11 07:28:03 Success.
2025-03-11 07:28:03 Latest version is 1.8.9
2025-03-11 07:28:03 App is up to date.
2025-03-11 21:40:12 Loading updated app package /home/kriyos/.config/obsidian/obsidian-1.8.9.asar
2025-03-11 21:40:12 Checking for update using Github
2025-03-11 21:40:12 Success.
2025-03-11 21:40:12 Latest version is 1.8.9
2025-03-11 21:40:12 App is up to date.
2025-03-11 22:40:12 Checking for update using Github
2025-03-11 22:40:12 Success.
2025-03-11 22:40:12 Latest version is 1.8.9
2025-03-11 22:40:12 App is up to date.
2025-03-11 23:40:12 Checking for update using Github
2025-03-11 23:40:12 Success.
2025-03-11 23:40:12 Latest version is 1.8.9
2025-03-11 23:40:12 App is up to date.
2025-03-12 00:40:12 Checking for update using Github
2025-03-12 00:40:17 Success.
2025-03-12 00:40:17 Latest version is 1.8.9
2025-03-12 00:40:17 App is up to date.
2025-03-12 05:02:37 Loading updated app package /home/kriyos/.config/obsidian/obsidian-1.8.9.asar
2025-03-12 05:02:38 Checking for update using Github
2025-03-12 05:02:38 Success.
2025-03-12 05:02:38 Latest version is 1.8.9
2025-03-12 05:02:38 App is up to date.
2025-03-12 05:15:34 Loading updated app package /home/kriyos/.config/obsidian/obsidian-1.8.9.asar
2025-03-12 05:15:34 Checking for update using Github
2025-03-12 05:15:34 Success.
2025-03-12 05:15:34 Latest version is 1.8.9
2025-03-12 05:15:34 App is up to date.
2025-03-12 06:15:34 Checking for update using Github
2025-03-12 06:15:34 Success.
2025-03-12 06:15:34 Latest version is 1.8.9
2025-03-12 06:15:34 App is up to date.
2025-03-12 07:15:34 Checking for update using Github
2025-03-12 07:15:34 Success.
2025-03-12 07:15:34 Latest version is 1.8.9
2025-03-12 07:15:34 App is up to date.
2025-03-12 18:51:00 Loading updated app package /home/kriyos/.config/obsidian/obsidian-1.8.9.asar
2025-03-12 18:51:00 Checking for update using Github
2025-03-12 18:51:00 Success.
2025-03-12 18:51:00 Latest version is 1.8.9
2025-03-12 18:51:00 App is up to date.
2025-03-12 19:51:00 Checking for update using Github
2025-03-12 19:51:00 Success.
2025-03-12 19:51:00 Latest version is 1.8.9
2025-03-12 19:51:00 App is up to date.
2025-03-12 20:51:00 Checking for update using Github
2025-03-12 20:51:00 Success.
2025-03-12 20:51:00 Latest version is 1.8.9
2025-03-12 20:51:00 App is up to date.
2025-03-12 21:51:00 Checking for update using Github
2025-03-12 21:51:00 Success.
2025-03-12 21:51:00 Latest version is 1.8.9
2025-03-12 21:51:00 App is up to date.
2025-03-13 00:03:28 Loading updated app package /home/kriyos/.config/obsidian/obsidian-1.8.9.asar
2025-03-13 00:03:29 Checking for update using Github
2025-03-13 00:03:29 Success.
2025-03-13 00:03:29 Latest version is 1.8.9
2025-03-13 00:03:29 App is up to date.
2025-03-13 01:03:28 Checking for update using Github
2025-03-13 01:03:29 Success.
2025-03-13 01:03:29 Latest version is 1.8.9
2025-03-13 01:03:29 App is up to date.
2025-03-13 02:03:29 Checking for update using Github
2025-03-13 02:03:29 Success.
2025-03-13 02:03:29 Latest version is 1.8.9
2025-03-13 02:03:29 App is up to date.
2025-03-13 03:03:29 Checking for update using Github
2025-03-13 03:03:29 Success.
2025-03-13 03:03:29 Latest version is 1.8.9
2025-03-13 03:03:29 App is up to date.
2025-03-13 04:03:29 Checking for update using Github
2025-03-13 04:03:29 Success.
2025-03-13 04:03:29 Latest version is 1.8.9
2025-03-13 04:03:29 App is up to date.
2025-03-13 17:48:56 Loading updated app package /home/kriyos/.config/obsidian/obsidian-1.8.9.asar
2025-03-13 17:48:56 Checking for update using Github
2025-03-13 17:48:57 Success.
2025-03-13 17:48:57 Latest version is 1.8.9
2025-03-13 17:48:57 App is up to date.
2025-03-13 18:48:56 Checking for update using Github
2025-03-13 18:48:56 Success.
2025-03-13 18:48:56 Latest version is 1.8.9
2025-03-13 18:48:56 App is up to date.
2025-03-13 19:48:56 Checking for update using Github
2025-03-13 19:48:56 Success.
2025-03-13 19:48:56 Latest version is 1.8.9
2025-03-13 19:48:56 App is up to date.
2025-03-13 20:48:57 Checking for update using Github
2025-03-13 20:48:57 Success.
2025-03-13 20:48:57 Latest version is 1.8.9
2025-03-13 20:48:57 App is up to date.
2025-03-13 21:48:57 Checking for update using Github
2025-03-13 21:48:57 Success.
2025-03-13 21:48:57 Latest version is 1.8.9
2025-03-13 21:48:57 App is up to date.
2025-03-13 22:48:57 Checking for update using Github
2025-03-13 22:48:57 Success.
2025-03-13 22:48:57 Latest version is 1.8.9
2025-03-13 22:48:57 App is up to date.
2025-03-13 23:48:57 Checking for update using Github
2025-03-13 23:48:57 Success.
2025-03-13 23:48:57 Latest version is 1.8.9
2025-03-13 23:48:57 App is up to date.
2025-03-14 00:48:57 Checking for update using Github
2025-03-14 00:48:57 Success.
2025-03-14 00:48:57 Latest version is 1.8.9
2025-03-14 00:48:57 App is up to date.
2025-03-14 01:48:57 Checking for update using Github
2025-03-14 01:48:57 Success.
2025-03-14 01:48:57 Latest version is 1.8.9
2025-03-14 01:48:57 App is up to date.
2025-03-14 02:48:57 Checking for update using Github
2025-03-14 02:48:57 Success.
2025-03-14 02:48:57 Latest version is 1.8.9
2025-03-14 02:48:57 App is up to date.
2025-03-14 03:48:57 Checking for update using Github
2025-03-14 03:48:57 Success.
2025-03-14 03:48:57 Latest version is 1.8.9
2025-03-14 03:48:57 App is up to date.
2025-03-14 04:48:57 Checking for update using Github
2025-03-14 04:48:57 Success.
2025-03-14 04:48:57 Latest version is 1.8.9
2025-03-14 04:48:57 App is up to date.
2025-03-14 05:48:57 Checking for update using Github
2025-03-14 05:48:57 Success.
2025-03-14 05:48:57 Latest version is 1.8.9
2025-03-14 05:48:57 App is up to date.
2025-03-14 06:48:57 Checking for update using Github
2025-03-14 06:48:57 Success.
2025-03-14 06:48:57 Latest version is 1.8.9
2025-03-14 06:48:57 App is up to date.
2025-03-14 07:48:57 Checking for update using Github
2025-03-14 07:49:03 Success.
2025-03-14 07:49:03 Latest version is 1.8.9
2025-03-14 07:49:03 App is up to date.
2025-03-14 18:14:36 Loading updated app package /home/kriyos/.config/obsidian/obsidian-1.8.9.asar
2025-03-14 18:14:36 Checking for update using Github
2025-03-14 18:14:36 Success.
2025-03-14 18:14:36 Latest version is 1.8.9
2025-03-14 18:14:36 App is up to date.
2025-03-14 19:14:36 Checking for update using Github
2025-03-14 19:14:36 Success.
2025-03-14 19:14:36 Latest version is 1.8.9
2025-03-14 19:14:36 App is up to date.
2025-03-14 20:14:36 Checking for update using Github
2025-03-14 20:14:36 Success.
2025-03-14 20:14:36 Latest version is 1.8.9
2025-03-14 20:14:36 App is up to date.
2025-03-14 21:14:36 Checking for update using Github
2025-03-14 21:14:36 Success.
2025-03-14 21:14:36 Latest version is 1.8.9
2025-03-14 21:14:36 App is up to date.
2025-03-15 01:02:57 Loading updated app package /home/kriyos/.config/obsidian/obsidian-1.8.9.asar
2025-03-15 01:02:58 Checking for update using Github
2025-03-15 01:02:58 Success.
2025-03-15 01:02:58 Latest version is 1.8.9
2025-03-15 01:02:58 App is up to date.
2025-03-15 17:57:47 Loading updated app package /home/kriyos/.config/obsidian/obsidian-1.8.9.asar
2025-03-15 17:57:47 Checking for update using Github
2025-03-15 17:57:48 Success.
2025-03-15 17:57:48 Latest version is 1.8.9
2025-03-15 17:57:48 App is up to date.
2025-03-17 17:17:39 Loading updated app package /home/kriyos/.config/obsidian/obsidian-1.8.9.asar
2025-03-17 17:17:39 Checking for update using Github
2025-03-17 17:17:39 Success.
2025-03-17 17:17:39 Latest version is 1.8.9
2025-03-17 17:17:39 App is up to date.
2025-03-17 18:17:39 Checking for update using Github
2025-03-17 18:17:39 Success.
2025-03-17 18:17:39 Latest version is 1.8.9
2025-03-17 18:17:39 App is up to date.
2025-03-17 19:17:39 Checking for update using Github
2025-03-17 19:17:39 Success.
2025-03-17 19:17:39 Latest version is 1.8.9
2025-03-17 19:17:39 App is up to date.
2025-03-17 20:17:39 Checking for update using Github
2025-03-17 20:17:39 Success.
2025-03-17 20:17:39 Latest version is 1.8.9
2025-03-17 20:17:39 App is up to date.
2025-03-17 21:17:39 Checking for update using Github
2025-03-17 21:17:39 Success.
2025-03-17 21:17:39 Latest version is 1.8.9
2025-03-17 21:17:39 App is up to date.
2025-03-17 22:17:39 Checking for update using Github
2025-03-17 22:17:39 Success.
2025-03-17 22:17:39 Latest version is 1.8.9
2025-03-17 22:17:39 App is up to date.
2025-03-17 23:17:39 Checking for update using Github
2025-03-17 23:17:39 Success.
2025-03-17 23:17:39 Latest version is 1.8.9
2025-03-17 23:17:39 App is up to date.
2025-03-18 00:17:39 Checking for update using Github
2025-03-18 00:17:39 Success.
2025-03-18 00:17:39 Latest version is 1.8.9
2025-03-18 00:17:39 App is up to date.
2025-03-18 01:17:39 Checking for update using Github
2025-03-18 01:17:39 Success.
2025-03-18 01:17:39 Latest version is 1.8.9
2025-03-18 01:17:39 App is up to date.
2025-03-18 02:17:39 Checking for update using Github
2025-03-18 02:17:40 Success.
2025-03-18 02:17:40 Latest version is 1.8.9
2025-03-18 02:17:40 App is up to date.
2025-03-18 03:17:40 Checking for update using Github
2025-03-18 03:17:40 Success.
2025-03-18 03:17:40 Latest version is 1.8.9
2025-03-18 03:17:40 App is up to date.
2025-03-18 04:17:40 Checking for update using Github
2025-03-18 04:17:40 Success.
2025-03-18 04:17:40 Latest version is 1.8.9
2025-03-18 04:17:40 App is up to date.
2025-03-18 05:17:40 Checking for update using Github
2025-03-18 05:17:40 Success.
2025-03-18 05:17:40 Latest version is 1.8.9
2025-03-18 05:17:40 App is up to date.
2025-03-18 06:17:40 Checking for update using Github
2025-03-18 06:17:40 Success.
2025-03-18 06:17:40 Latest version is 1.8.9
2025-03-18 06:17:40 App is up to date.
2025-03-18 21:05:38 Loading updated app package /home/kriyos/.config/obsidian/obsidian-1.8.9.asar
2025-03-18 21:05:38 Checking for update using Github
2025-03-18 21:05:39 Success.
2025-03-18 21:05:39 Latest version is 1.8.9
2025-03-18 21:05:39 App is up to date.
2025-03-18 22:05:38 Checking for update using Github
2025-03-18 22:05:38 Success.
2025-03-18 22:05:38 Latest version is 1.8.9
2025-03-18 22:05:38 App is up to date.
2025-03-18 23:05:38 Checking for update using Github
2025-03-18 23:05:38 Success.
2025-03-18 23:05:38 Latest version is 1.8.9
2025-03-18 23:05:38 App is up to date.
2025-03-19 00:05:39 Checking for update using Github
2025-03-19 00:05:39 Success.
2025-03-19 00:05:39 Latest version is 1.8.9
2025-03-19 00:05:39 App is up to date.
2025-03-19 01:05:39 Checking for update using Github
2025-03-19 01:05:39 Success.
2025-03-19 01:05:39 Latest version is 1.8.9
2025-03-19 01:05:39 App is up to date.
2025-03-19 02:12:51 Loading updated app package /home/kriyos/.config/obsidian/obsidian-1.8.9.asar
2025-03-19 02:12:51 Checking for update using Github
2025-03-19 02:12:51 Success.
2025-03-19 02:12:51 Latest version is 1.8.9
2025-03-19 02:12:51 App is up to date.
2025-03-20 22:59:10 Loading updated app package /home/kriyos/.config/obsidian/obsidian-1.8.9.asar
2025-03-20 22:59:10 Checking for update using Github
2025-03-20 22:59:10 Success.
2025-03-20 22:59:10 Latest version is 1.8.9
2025-03-20 22:59:10 App is up to date.
2025-03-20 23:59:10 Checking for update using Github
2025-03-20 23:59:10 Success.
2025-03-20 23:59:10 Latest version is 1.8.9
2025-03-20 23:59:10 App is up to date.
2025-03-21 00:59:10 Checking for update using Github
2025-03-21 00:59:10 Success.
2025-03-21 00:59:10 Latest version is 1.8.9
2025-03-21 00:59:10 App is up to date.
2025-03-21 01:59:10 Checking for update using Github
2025-03-21 01:59:10 Success.
2025-03-21 01:59:10 Latest version is 1.8.9
2025-03-21 01:59:10 App is up to date.
2025-03-21 02:59:10 Checking for update using Github
2025-03-21 02:59:10 Success.
2025-03-21 02:59:10 Latest version is 1.8.9
2025-03-21 02:59:10 App is up to date.
2025-03-21 03:59:10 Checking for update using Github
2025-03-21 03:59:10 Success.
2025-03-21 03:59:10 Latest version is 1.8.9
2025-03-21 03:59:10 App is up to date.
2025-03-22 00:03:34 Loading updated app package /home/kriyos/.config/obsidian/obsidian-1.8.9.asar
2025-03-22 00:03:34 Checking for update using Github
2025-03-22 00:03:34 Success.
2025-03-22 00:03:34 Latest version is 1.8.9
2025-03-22 00:03:34 App is up to date.
2025-03-22 01:03:34 Checking for update using Github
2025-03-22 01:03:34 Success.
2025-03-22 01:03:34 Latest version is 1.8.9
2025-03-22 01:03:34 App is up to date.
2025-03-22 02:03:34 Checking for update using Github
2025-03-22 02:03:34 Success.
2025-03-22 02:03:34 Latest version is 1.8.9
2025-03-22 02:03:34 App is up to date.
2025-03-22 03:03:34 Checking for update using Github
2025-03-22 03:03:34 Success.
2025-03-22 03:03:34 Latest version is 1.8.9
2025-03-22 03:03:34 App is up to date.
2025-03-22 04:03:34 Checking for update using Github
2025-03-22 04:03:34 Success.
2025-03-22 04:03:34 Latest version is 1.8.9
2025-03-22 04:03:34 App is up to date.
2025-03-22 05:03:34 Checking for update using Github
2025-03-22 05:03:34 Success.
2025-03-22 05:03:34 Latest version is 1.8.9
2025-03-22 05:03:34 App is up to date.
2025-03-22 06:03:34 Checking for update using Github
2025-03-22 06:03:35 Success.
2025-03-22 06:03:35 Latest version is 1.8.9
2025-03-22 06:03:35 App is up to date.
2025-03-22 07:03:35 Checking for update using Github
2025-03-22 07:03:35 Success.
2025-03-22 07:03:35 Latest version is 1.8.9
2025-03-22 07:03:35 App is up to date.
2025-03-23 01:27:51 Loading updated app package /home/kriyos/.config/obsidian/obsidian-1.8.9.asar
2025-03-23 01:27:51 Checking for update using Github
2025-03-23 01:27:52 Success.
2025-03-23 01:27:52 Latest version is 1.8.9
2025-03-23 01:27:52 App is up to date.
2025-03-25 21:39:09 Loading main app package /usr/lib/obsidian/obsidian.asar
2025-03-25 21:39:09 Checking for update using Github
2025-03-25 21:39:09 Success.
2025-03-25 21:39:09 Latest version is 1.8.9
2025-03-25 21:39:09 App is up to date.
2025-03-25 22:39:09 Checking for update using Github
2025-03-25 22:39:09 Success.
2025-03-25 22:39:09 Latest version is 1.8.9
2025-03-25 22:39:09 App is up to date.
2025-03-25 23:39:09 Checking for update using Github
2025-03-25 23:39:09 Success.
2025-03-25 23:39:09 Latest version is 1.8.9
2025-03-25 23:39:09 App is up to date.
2025-03-28 19:23:25 Loading main app package /usr/lib/obsidian/obsidian.asar
2025-04-01 20:47:06 Loading main app package /usr/lib/obsidian/obsidian.asar
2025-04-01 20:47:06 Checking for update using Github
2025-04-01 20:47:06 Success.
2025-04-01 20:47:06 Latest version is 1.8.9
2025-04-01 20:47:06 App is up to date.
2025-04-01 21:47:06 Checking for update using Github
2025-04-01 21:47:06 Success.
2025-04-01 21:47:06 Latest version is 1.8.9
2025-04-01 21:47:06 App is up to date.
2025-04-03 13:37:59 Loading main app package /usr/lib/obsidian/obsidian.asar
2025-04-03 13:38:00 Checking for update using Github
2025-04-03 13:38:00 Success.
2025-04-03 13:38:00 Latest version is 1.8.9
2025-04-03 13:38:00 App is up to date.
2025-04-03 20:06:18 Loading main app package /usr/lib/obsidian/obsidian.asar
2025-04-03 20:06:18 Checking for update using Github
2025-04-03 20:06:18 Success.
2025-04-03 20:06:18 Latest version is 1.8.9
2025-04-03 20:06:18 App is up to date.
2025-04-06 00:33:00 Loading main app package /usr/lib/obsidian/obsidian.asar
2025-04-06 00:33:00 Checking for update using Github
2025-04-06 00:33:00 Success.
2025-04-06 00:33:00 Latest version is 1.8.9
2025-04-06 00:33:00 App is up to date.
2025-04-06 01:33:00 Checking for update using Github
2025-04-06 01:33:00 Success.
2025-04-06 01:33:00 Latest version is 1.8.9
2025-04-06 01:33:00 App is up to date.
2025-04-06 02:33:00 Checking for update using Github
2025-04-06 02:33:00 Success.
2025-04-06 02:33:00 Latest version is 1.8.9
2025-04-06 02:33:00 App is up to date.
2025-04-06 03:33:00 Checking for update using Github
2025-04-06 03:33:00 Success.
2025-04-06 03:33:00 Latest version is 1.8.9
2025-04-06 03:33:00 App is up to date.
2025-04-06 20:36:40 Loading main app package /usr/lib/obsidian/obsidian.asar
2025-04-06 20:36:40 Checking for update using Github
2025-04-06 20:36:40 Success.
2025-04-06 20:36:40 Latest version is 1.8.9
2025-04-06 20:36:40 App is up to date.
2025-04-06 21:36:40 Checking for update using Github
2025-04-06 21:36:40 Success.
2025-04-06 21:36:40 Latest version is 1.8.9
2025-04-06 21:36:40 App is up to date.
2025-04-06 22:36:40 Checking for update using Github
2025-04-06 22:36:40 Success.
2025-04-06 22:36:40 Latest version is 1.8.9
2025-04-06 22:36:40 App is up to date.
2025-04-06 23:36:40 Checking for update using Github
2025-04-06 23:36:40 Success.
2025-04-06 23:36:40 Latest version is 1.8.9
2025-04-06 23:36:40 App is up to date.
2025-04-07 00:36:40 Checking for update using Github
2025-04-07 00:36:40 Success.
2025-04-07 00:36:40 Latest version is 1.8.9
2025-04-07 00:36:40 App is up to date.
2025-04-07 01:36:40 Checking for update using Github
2025-04-07 01:36:40 Success.
2025-04-07 01:36:40 Latest version is 1.8.9
2025-04-07 01:36:40 App is up to date.
2025-04-07 02:36:40 Checking for update using Github
2025-04-07 02:36:40 Success.
2025-04-07 02:36:40 Latest version is 1.8.9
2025-04-07 02:36:40 App is up to date.
2025-04-07 03:36:40 Checking for update using Github
2025-04-07 03:36:40 Success.
2025-04-07 03:36:40 Latest version is 1.8.9
2025-04-07 03:36:40 App is up to date.
2025-04-07 23:55:44 Loading main app package /usr/lib/obsidian/obsidian.asar
2025-04-07 23:55:44 Checking for update using Github
2025-04-07 23:55:44 Success.
2025-04-07 23:55:44 Latest version is 1.8.9
2025-04-07 23:55:44 App is up to date.
2025-04-08 00:55:44 Checking for update using Github
2025-04-08 00:55:44 Success.
2025-04-08 00:55:44 Latest version is 1.8.9
2025-04-08 00:55:44 App is up to date.
2025-04-08 17:12:40 Loading main app package /usr/lib/obsidian/obsidian.asar
2025-04-08 17:12:40 Checking for update using Github
2025-04-08 17:12:41 Success.
2025-04-08 17:12:41 Latest version is 1.8.9
2025-04-08 17:12:41 App is up to date.
2025-04-09 23:38:41 Loading main app package /usr/lib/obsidian/obsidian.asar
2025-04-09 23:38:42 Checking for update using Github
2025-04-09 23:38:43 Success.
2025-04-09 23:38:43 Latest version is 1.8.9
2025-04-09 23:38:43 App is up to date.
2025-04-10 02:18:33 Loading main app package /usr/lib/obsidian/obsidian.asar
2025-04-10 02:18:34 Checking for update using Github
2025-04-10 02:18:34 Success.
2025-04-10 02:18:34 Latest version is 1.8.9
2025-04-10 02:18:34 App is up to date.
2025-04-19 19:16:44 Loading main app package /usr/lib/obsidian/obsidian.asar
2025-04-19 19:16:44 Checking for update using Github
2025-04-19 19:16:44 Success.
2025-04-19 19:16:44 Latest version is 1.8.9
2025-04-19 19:16:44 App is up to date.
2025-04-19 20:16:44 Checking for update using Github
2025-04-19 20:16:44 Success.
2025-04-19 20:16:44 Latest version is 1.8.9
2025-04-19 20:16:44 App is up to date.
2025-04-20 03:57:16 Loading main app package /usr/lib/obsidian/obsidian.asar
2025-04-20 03:57:17 Checking for update using Github
2025-04-20 03:57:17 Success.
2025-04-20 03:57:17 Latest version is 1.8.9
2025-04-20 03:57:17 App is up to date.
2025-04-20 04:05:03 Loading main app package /usr/lib/obsidian/obsidian.asar
2025-04-20 04:05:03 Checking for update using Github
2025-04-20 04:05:04 Success.
2025-04-20 04:05:04 Latest version is 1.8.9
2025-04-20 04:05:04 App is up to date.
2025-04-21 18:14:10 Loading main app package /usr/lib/obsidian/obsidian.asar
2025-04-21 18:14:10 Checking for update using Github
2025-04-21 18:14:10 Success.
2025-04-21 18:14:10 Latest version is 1.8.9
2025-04-21 18:14:10 App is up to date.
2025-04-21 18:14:33 Loading main app package /usr/lib/obsidian/obsidian.asar
2025-04-21 18:14:33 Checking for update using Github
2025-04-21 18:14:42 Loading main app package /usr/lib/obsidian/obsidian.asar
2025-04-21 18:14:42 Checking for update using Github
2025-04-21 18:14:59 Loading main app package /usr/lib/obsidian/obsidian.asar
2025-04-21 18:14:59 Checking for update using Github
2025-04-21 18:15:06 Loading main app package /usr/lib/obsidian/obsidian.asar
2025-04-21 18:15:06 Checking for update using Github
2025-04-21 18:15:09 Loading main app package /usr/lib/obsidian/obsidian.asar
2025-04-21 18:15:09 Checking for update using Github
2025-04-21 18:15:14 Loading main app package /usr/lib/obsidian/obsidian.asar
2025-04-21 18:15:14 Checking for update using Github
2025-04-21 18:17:09 Loading main app package /usr/lib/obsidian/obsidian.asar
2025-04-21 18:17:09 Checking for update using Github
2025-04-21 18:29:52 Loading main app package /usr/lib/obsidian/obsidian.asar
2025-04-21 18:29:52 Checking for update using Github
2025-04-21 19:31:39 Loading main app package /usr/lib/obsidian/obsidian.asar
2025-04-21 19:31:39 Checking for update using Github
2025-04-21 19:31:40 Success.
2025-04-21 19:31:40 Latest version is 1.8.9
2025-04-21 19:31:40 App is up to date.
2025-04-21 20:52:59 Loading main app package /usr/lib/obsidian/obsidian.asar
2025-04-21 20:52:59 Checking for update using Github
2025-04-21 20:52:59 Success.
2025-04-21 20:52:59 Latest version is 1.8.9
2025-04-21 20:52:59 App is up to date.
2025-05-30 12:10:51 Loading main app package /usr/lib/obsidian/obsidian.asar
2025-05-30 12:10:51 Checking for update using Github
2025-05-30 12:10:51 Success.
2025-05-30 12:10:51 Latest version is 1.8.10
2025-05-30 12:10:51 App is up to date.
2025-05-30 13:10:51 Checking for update using Github
2025-05-30 13:10:51 Success.
2025-05-30 13:10:51 Latest version is 1.8.10
2025-05-30 13:10:51 App is up to date.
2025-05-30 14:10:51 Checking for update using Github
2025-05-30 14:10:52 Success.
2025-05-30 14:10:52 Latest version is 1.8.10
2025-05-30 14:10:52 App is up to date.
2025-05-30 15:10:51 Checking for update using Github
2025-05-30 15:10:51 Success.
2025-05-30 15:10:51 Latest version is 1.8.10
2025-05-30 15:10:51 App is up to date.
2025-05-30 16:10:51 Checking for update using Github
2025-05-30 16:10:51 Success.
2025-05-30 16:10:51 Latest version is 1.8.10
2025-05-30 16:10:51 App is up to date.
2025-05-30 17:10:51 Checking for update using Github
2025-05-30 17:10:51 Success.
2025-05-30 17:10:51 Latest version is 1.8.10
2025-05-30 17:10:51 App is up to date.
2025-05-30 18:10:51 Checking for update using Github
2025-05-30 18:10:51 Success.
2025-05-30 18:10:51 Latest version is 1.8.10
2025-05-30 18:10:51 App is up to date.
2025-05-30 19:10:51 Checking for update using Github
2025-05-30 19:10:51 Success.
2025-05-30 19:10:51 Latest version is 1.8.10
2025-05-30 19:10:51 App is up to date.
2025-06-01 08:59:49 Loading main app package /usr/lib/obsidian/obsidian.asar
2025-06-01 08:59:50 Checking for update using Github
2025-06-01 08:59:50 Success.
2025-06-01 08:59:50 Latest version is 1.8.10
2025-06-01 08:59:50 App is up to date.
2025-06-01 09:59:49 Checking for update using Github
2025-06-01 09:59:50 Success.
2025-06-01 09:59:50 Latest version is 1.8.10
2025-06-01 09:59:50 App is up to date.
2025-06-02 10:53:48 Loading main app package /usr/lib/obsidian/obsidian.asar
2025-06-02 10:53:48 Checking for update using Github
2025-06-02 10:53:48 Success.
2025-06-02 10:53:48 Latest version is 1.8.10
2025-06-02 10:53:48 App is up to date.
2025-06-02 11:53:48 Checking for update using Github
2025-06-02 11:53:48 Success.
2025-06-02 11:53:48 Latest version is 1.8.10
2025-06-02 11:53:48 App is up to date.
2025-06-02 12:53:48 Checking for update using Github
2025-06-02 12:53:48 Success.
2025-06-02 12:53:48 Latest version is 1.8.10
2025-06-02 12:53:48 App is up to date.
2025-06-02 13:53:48 Checking for update using Github
2025-06-02 13:53:48 Success.
2025-06-02 13:53:48 Latest version is 1.8.10
2025-06-02 13:53:48 App is up to date.
2025-06-02 14:53:48 Checking for update using Github
2025-06-02 14:53:48 Success.
2025-06-02 14:53:48 Latest version is 1.8.10
2025-06-02 14:53:48 App is up to date.
2025-06-02 15:53:48 Checking for update using Github
2025-06-02 15:53:48 Success.
2025-06-02 15:53:48 Latest version is 1.8.10
2025-06-02 15:53:48 App is up to date.
2025-06-02 16:53:48 Checking for update using Github
2025-06-02 16:53:48 Success.
2025-06-02 16:53:48 Latest version is 1.8.10
2025-06-02 16:53:48 App is up to date.
2025-06-02 17:53:48 Checking for update using Github
2025-06-02 17:53:48 Success.
2025-06-02 17:53:48 Latest version is 1.8.10
2025-06-02 17:53:48 App is up to date.
2025-06-02 18:53:48 Checking for update using Github
2025-06-02 18:53:48 Success.
2025-06-02 18:53:48 Latest version is 1.8.10
2025-06-02 18:53:48 App is up to date.
2025-06-03 08:26:07 Loading main app package /usr/lib/obsidian/obsidian.asar
2025-06-03 08:26:07 Checking for update using Github
2025-06-03 08:26:08 Success.
2025-06-03 08:26:08 Latest version is 1.8.10
2025-06-03 08:26:08 App is up to date.
2025-06-03 09:26:07 Checking for update using Github
2025-06-03 09:26:07 Success.
2025-06-03 09:26:07 Latest version is 1.8.10
2025-06-03 09:26:07 App is up to date.
2025-06-03 10:26:07 Checking for update using Github
2025-06-03 10:26:07 Success.
2025-06-03 10:26:07 Latest version is 1.8.10
2025-06-03 10:26:07 App is up to date.
2025-06-03 11:26:07 Checking for update using Github
2025-06-03 11:26:07 Success.
2025-06-03 11:26:07 Latest version is 1.8.10
2025-06-03 11:26:07 App is up to date.
2025-06-03 11:41:45 Loading main app package /usr/lib/obsidian/obsidian.asar
2025-06-03 11:41:45 Checking for update using Github
2025-06-03 11:41:45 Success.
2025-06-03 11:41:45 Latest version is 1.8.10
2025-06-03 11:41:45 App is up to date.
2025-06-03 12:41:45 Checking for update using Github
2025-06-03 12:41:45 Success.
2025-06-03 12:41:45 Latest version is 1.8.10
2025-06-03 12:41:45 App is up to date.
2025-06-03 13:41:45 Checking for update using Github
2025-06-03 13:41:45 Success.
2025-06-03 13:41:45 Latest version is 1.8.10
2025-06-03 13:41:45 App is up to date.
2025-06-03 14:41:45 Checking for update using Github
2025-06-03 14:41:45 Success.
2025-06-03 14:41:45 Latest version is 1.8.10
2025-06-03 14:41:45 App is up to date.
2025-06-03 15:41:45 Checking for update using Github
2025-06-03 15:41:45 Success.
2025-06-03 15:41:45 Latest version is 1.8.10
2025-06-03 15:41:45 App is up to date.
2025-06-03 16:41:45 Checking for update using Github
2025-06-03 16:41:45 Success.
2025-06-03 16:41:45 Latest version is 1.8.10
2025-06-03 16:41:45 App is up to date.
2025-06-10 11:00:23 Loading main app package /usr/lib/obsidian/obsidian.asar
2025-06-10 11:00:23 Checking for update using Github
2025-06-10 11:00:24 Success.
2025-06-10 11:00:24 Latest version is 1.8.10
2025-06-10 11:00:24 App is up to date.
2025-06-12 08:35:00 Loading main app package /usr/lib/obsidian/obsidian.asar
2025-06-12 08:35:00 Checking for update using Github
2025-06-12 08:35:00 Success.
2025-06-12 08:35:00 Latest version is 1.8.10
2025-06-12 08:35:00 App is up to date.
2025-06-12 09:35:00 Checking for update using Github
2025-06-12 09:35:00 Success.
2025-06-12 09:35:00 Latest version is 1.8.10
2025-06-12 09:35:00 App is up to date.
2025-06-12 10:35:00 Checking for update using Github
2025-06-12 10:35:00 Success.
2025-06-12 10:35:00 Latest version is 1.8.10
2025-06-12 10:35:00 App is up to date.
2025-06-12 11:35:00 Checking for update using Github
2025-06-12 11:35:00 Success.
2025-06-12 11:35:00 Latest version is 1.8.10
2025-06-12 11:35:00 App is up to date.
2025-06-12 12:35:00 Checking for update using Github
2025-06-12 12:35:00 Success.
2025-06-12 12:35:00 Latest version is 1.8.10
2025-06-12 12:35:00 App is up to date.
2025-06-12 13:35:00 Checking for update using Github
2025-06-12 13:35:00 Success.
2025-06-12 13:35:00 Latest version is 1.8.10
2025-06-12 13:35:00 App is up to date.
2025-06-12 14:35:00 Checking for update using Github
2025-06-12 14:35:00 Success.
2025-06-12 14:35:00 Latest version is 1.8.10
2025-06-12 14:35:00 App is up to date.
2025-06-12 15:35:00 Checking for update using Github
2025-06-12 15:35:00 Success.
2025-06-12 15:35:00 Latest version is 1.8.10
2025-06-12 15:35:00 App is up to date.
2025-06-12 16:35:00 Checking for update using Github
2025-06-12 16:35:00 Success.
2025-06-12 16:35:00 Latest version is 1.8.10
2025-06-12 16:35:00 App is up to date.
2025-06-12 17:35:00 Checking for update using Github
2025-06-12 17:35:00 Success.
2025-06-12 17:35:00 Latest version is 1.8.10
2025-06-12 17:35:00 App is up to date.
2025-06-12 18:35:00 Checking for update using Github
2025-06-12 18:35:00 Success.
2025-06-12 18:35:00 Latest version is 1.8.10
2025-06-12 18:35:00 App is up to date.
2025-06-16 07:29:22 Loading main app package /usr/lib/obsidian/obsidian.asar
2025-06-16 07:29:22 Checking for update using Github
2025-06-16 07:29:24 Success.
2025-06-16 07:29:24 Latest version is 1.8.10
2025-06-16 07:29:24 App is up to date.
2025-06-16 08:29:23 Checking for update using Github
2025-06-16 08:29:23 Success.
2025-06-16 08:29:23 Latest version is 1.8.10
2025-06-16 08:29:23 App is up to date.
2025-06-17 14:30:31 Loading main app package /usr/lib/obsidian/obsidian.asar
2025-06-17 14:30:31 Checking for update using Github
2025-06-17 14:30:37 Success.
2025-06-17 14:30:37 Latest version is 1.8.10
2025-06-17 14:30:37 App is up to date.
2025-06-17 15:30:31 Checking for update using Github
2025-06-17 15:30:31 Success.
2025-06-17 15:30:31 Latest version is 1.8.10
2025-06-17 15:30:31 App is up to date.
2025-06-27 10:15:56 Loading main app package /usr/lib/obsidian/obsidian.asar
2025-06-27 10:15:56 Checking for update using Github
2025-06-27 10:15:57 Success.
2025-06-27 10:15:57 Latest version is 1.8.10
2025-06-27 10:15:57 App is up to date.
2025-06-27 11:15:56 Checking for update using Github
2025-06-27 11:15:56 Success.
2025-06-27 11:15:56 Latest version is 1.8.10
2025-06-27 11:15:56 App is up to date.
2025-06-27 12:15:56 Checking for update using Github
2025-06-27 12:15:56 Success.
2025-06-27 12:15:56 Latest version is 1.8.10
2025-06-27 12:15:56 App is up to date.
2025-06-27 13:15:56 Checking for update using Github
2025-06-27 13:15:56 Success.
2025-06-27 13:15:56 Latest version is 1.8.10
2025-06-27 13:15:56 App is up to date.
2025-07-10 19:58:02 Loading main app package /usr/lib/obsidian/obsidian.asar
2025-07-10 19:58:03 Checking for update using Github
2025-07-10 19:58:03 Success.
2025-07-10 19:58:03 Latest version is 1.8.10
2025-07-10 19:58:03 App is up to date.
2025-08-17 20:18:08 Loading main app package /usr/lib/obsidian/obsidian.asar
2025-08-17 20:18:08 Checking for update using Github
2025-08-17 20:18:13 Success.
2025-08-17 20:18:13 Latest version is 1.8.10
2025-08-17 20:18:13 App is up to date.
2025-08-17 21:06:22 Loading main app package /usr/lib/obsidian/obsidian.asar
2025-08-17 21:06:22 Checking for update using Github
2025-08-17 21:06:22 Success.
2025-08-17 21:06:22 Latest version is 1.8.10
2025-08-17 21:06:22 App is up to date.
2025-08-17 22:06:22 Checking for update using Github
2025-08-17 22:06:22 Success.
2025-08-17 22:06:22 Latest version is 1.8.10
2025-08-17 22:06:22 App is up to date.
2025-08-17 23:06:22 Checking for update using Github
2025-08-17 23:06:22 Success.
2025-08-17 23:06:22 Latest version is 1.8.10
2025-08-17 23:06:22 App is up to date.
2025-08-18 00:06:22 Checking for update using Github
2025-08-18 00:06:22 Success.
2025-08-18 00:06:22 Latest version is 1.8.10
2025-08-18 00:06:22 App is up to date.
2025-08-18 21:57:01 Loading main app package /usr/lib/obsidian/obsidian.asar
2025-08-18 21:57:02 Checking for update using Github
2025-08-18 21:57:02 Success.
2025-08-18 21:57:02 Latest version is 1.9.10
2025-08-18 21:57:02 Downloading update from https://github.com/obsidianmd/obsidian-releases/releases/download/v1.9.10/obsidian-1.9.10.asar.gz
2025-08-18 21:57:02 Verifying hash & signature. Size= 9033422
2025-08-18 21:57:02 Saving file
2025-08-18 21:57:02 Update complete.
2025-08-18 22:57:01 Checking for update using Github
2025-08-18 22:57:01 Success.
2025-08-18 22:57:01 Latest version is 1.9.10
2025-08-18 22:57:01 An update is already downloaded.
2025-08-18 23:57:01 Checking for update using Github
2025-08-18 23:57:01 Success.
2025-08-18 23:57:01 Latest version is 1.9.10
2025-08-18 23:57:01 An update is already downloaded.
2025-08-19 00:57:01 Checking for update using Github
2025-08-19 00:57:02 Success.
2025-08-19 00:57:02 Latest version is 1.9.10
2025-08-19 00:57:02 An update is already downloaded.
2025-08-19 01:57:02 Checking for update using Github
2025-08-19 01:57:02 Success.
2025-08-19 01:57:02 Latest version is 1.9.10
2025-08-19 01:57:02 An update is already downloaded.
2025-08-19 02:57:02 Checking for update using Github
2025-08-19 02:57:02 Success.
2025-08-19 02:57:02 Latest version is 1.9.10
2025-08-19 02:57:02 An update is already downloaded.
2025-08-19 03:57:02 Checking for update using Github
2025-08-19 03:57:02 Success.
2025-08-19 03:57:02 Latest version is 1.9.10
2025-08-19 03:57:02 An update is already downloaded.
2025-08-19 04:57:02 Checking for update using Github
2025-08-19 04:57:02 Success.
2025-08-19 04:57:02 Latest version is 1.9.10
2025-08-19 04:57:02 An update is already downloaded.
2025-08-19 15:08:26 Loading updated app package /home/kriyos/.config/obsidian/obsidian-1.9.10.asar
2025-08-19 15:08:26 Checking for update using Github
2025-08-19 15:08:26 Success.
2025-08-19 15:08:26 Latest version is 1.9.10
2025-08-19 15:08:26 App is up to date.
2025-08-19 21:50:12 Loading updated app package /home/kriyos/.config/obsidian/obsidian-1.9.10.asar
2025-08-19 21:50:12 Checking for update using Github
2025-08-19 21:50:13 Success.
2025-08-19 21:50:13 Latest version is 1.9.10
2025-08-19 21:50:13 App is up to date.
2025-08-19 22:50:12 Checking for update using Github
2025-08-19 22:50:12 Success.
2025-08-19 22:50:12 Latest version is 1.9.10
2025-08-19 22:50:12 App is up to date.
2025-08-19 23:50:12 Checking for update using Github
2025-08-19 23:50:12 Success.
2025-08-19 23:50:12 Latest version is 1.9.10
2025-08-19 23:50:12 App is up to date.
2025-08-27 15:22:04 Loading updated app package /home/kriyos/.config/obsidian/obsidian-1.9.10.asar
2025-08-27 15:22:04 Checking for update using Github
2025-08-27 15:22:04 Success.
2025-08-27 15:22:04 Latest version is 1.9.12
2025-08-27 15:22:04 Downloading update from https://github.com/obsidianmd/obsidian-releases/releases/download/v1.9.12/obsidian-1.9.12.asar.gz
2025-08-27 15:22:05 Verifying hash & signature. Size= 9033321
2025-08-27 15:22:05 Saving file
2025-08-27 15:22:05 Update complete.
2025-08-27 16:22:04 Checking for update using Github
2025-08-27 16:22:04 Success.
2025-08-27 16:22:04 Latest version is 1.9.12
2025-08-27 16:22:04 An update is already downloaded.
2025-08-27 17:22:05 Checking for update using Github
2025-08-27 17:22:05 Success.
2025-08-27 17:22:05 Latest version is 1.9.12
2025-08-27 17:22:05 An update is already downloaded.
2025-08-27 18:22:06 Checking for update using Github
2025-08-27 18:22:06 Success.
2025-08-27 18:22:06 Latest version is 1.9.12
2025-08-27 18:22:06 An update is already downloaded.
2025-08-27 19:22:07 Checking for update using Github
2025-08-27 19:22:07 Success.
2025-08-27 19:22:07 Latest version is 1.9.12
2025-08-27 19:22:07 An update is already downloaded.
